GAS LISTING fib.s 			page 1


   1              	    # place SP at the end of RAM
   2 0000 13010010 	    li sp, 0x100
   3              	
   4 0004 1305A000 		li	a0,10
   5 0008 EF008000 		jal ra,fib
   6 000c 6F00C005 		j quit
   7              	
   8              	fib:
   9 0010 130101FF 		addi	sp,sp,-16
  10 0014 23248100 		sw	s0,8(sp)
  11 0018 23229100 		sw	s1,4(sp)
  12 001c 23202101 		sw	s2,0(sp)
  13 0020 23261100 		sw	ra,12(sp)
  14 0024 13040500 		mv	s0,a0
  15 0028 93040000 		li	s1,0
  16 002c 13091000 		li	s2,1
  17              	L3:
  18 0030 630E8000 		beq	zero,s0,L2
  19 0034 630C2401 		beq	s0,s2,L2
  20 0038 1305F4FF 		addi	a0,s0,-1
  21 003c EFF05FFD 		jal ra,fib
  22 0040 1304E4FF 		addi	s0,s0,-2
  23 0044 B384A400 		add	s1,s1,a0
  24 0048 6FF09FFE 		j	L3
  25              	L2:
  26 004c 33059400 		add	a0,s0,s1
  27 0050 8320C100 		lw	ra,12(sp)
  28 0054 03248100 		lw	s0,8(sp)
  29 0058 83244100 		lw	s1,4(sp)
  30 005c 03290100 		lw	s2,0(sp)
  31 0060 13010101 		addi	sp,sp,16
  32 0064 67800000 		jalr	x0,0(ra)
  33              	
  34              	quit:
  35 0068 73001000 	    ebreak
GAS LISTING fib.s 			page 2


DEFINED SYMBOLS
               fib.s:8      .text:0000000000000010 fib
               fib.s:34     .text:0000000000000068 quit
               fib.s:17     .text:0000000000000030 L3
               fib.s:25     .text:000000000000004c L2

NO UNDEFINED SYMBOLS
