Warning: Use of default value for --package is deprecated. Please add '--package ct256' to arguments.
Warning: IO 'trap' is unconstrained in PCF and will be automatically placed
Warning: IO 'reset' is unconstrained in PCF and will be automatically placed
Warning: IO 'imem_data[31]' is unconstrained in PCF and will be automatically placed
Warning: IO 'imem_data[30]' is unconstrained in PCF and will be automatically placed
Warning: IO 'imem_data[29]' is unconstrained in PCF and will be automatically placed
Warning: IO 'imem_data[28]' is unconstrained in PCF and will be automatically placed
Warning: IO 'imem_data[27]' is unconstrained in PCF and will be automatically placed
Warning: IO 'imem_data[26]' is unconstrained in PCF and will be automatically placed
Warning: IO 'imem_data[25]' is unconstrained in PCF and will be automatically placed
Warning: IO 'imem_data[24]' is unconstrained in PCF and will be automatically placed
Warning: IO 'imem_data[23]' is unconstrained in PCF and will be automatically placed
Warning: IO 'imem_data[22]' is unconstrained in PCF and will be automatically placed
Warning: IO 'imem_data[21]' is unconstrained in PCF and will be automatically placed
Warning: IO 'imem_data[20]' is unconstrained in PCF and will be automatically placed
Warning: IO 'imem_data[19]' is unconstrained in PCF and will be automatically placed
Warning: IO 'imem_data[18]' is unconstrained in PCF and will be automatically placed
Warning: IO 'imem_data[17]' is unconstrained in PCF and will be automatically placed
Warning: IO 'imem_data[16]' is unconstrained in PCF and will be automatically placed
Warning: IO 'imem_data[15]' is unconstrained in PCF and will be automatically placed
Warning: IO 'imem_data[14]' is unconstrained in PCF and will be automatically placed
Warning: IO 'imem_data[13]' is unconstrained in PCF and will be automatically placed
Warning: IO 'imem_data[12]' is unconstrained in PCF and will be automatically placed
Warning: IO 'imem_data[11]' is unconstrained in PCF and will be automatically placed
Warning: IO 'imem_data[10]' is unconstrained in PCF and will be automatically placed
Warning: IO 'imem_data[9]' is unconstrained in PCF and will be automatically placed
Warning: IO 'imem_data[8]' is unconstrained in PCF and will be automatically placed
Warning: IO 'imem_data[7]' is unconstrained in PCF and will be automatically placed
Warning: IO 'imem_data[6]' is unconstrained in PCF and will be automatically placed
Warning: IO 'imem_data[5]' is unconstrained in PCF and will be automatically placed
Warning: IO 'imem_data[4]' is unconstrained in PCF and will be automatically placed
Warning: IO 'imem_data[3]' is unconstrained in PCF and will be automatically placed
Warning: IO 'imem_data[2]' is unconstrained in PCF and will be automatically placed
Warning: IO 'imem_data[1]' is unconstrained in PCF and will be automatically placed
Warning: IO 'imem_data[0]' is unconstrained in PCF and will be automatically placed
Warning: IO 'imem_addr[31]' is unconstrained in PCF and will be automatically placed
Warning: IO 'imem_addr[30]' is unconstrained in PCF and will be automatically placed
Warning: IO 'imem_addr[29]' is unconstrained in PCF and will be automatically placed
Warning: IO 'imem_addr[28]' is unconstrained in PCF and will be automatically placed
Warning: IO 'imem_addr[27]' is unconstrained in PCF and will be automatically placed
Warning: IO 'imem_addr[26]' is unconstrained in PCF and will be automatically placed
Warning: IO 'imem_addr[25]' is unconstrained in PCF and will be automatically placed
Warning: IO 'imem_addr[24]' is unconstrained in PCF and will be automatically placed
Warning: IO 'imem_addr[23]' is unconstrained in PCF and will be automatically placed
Warning: IO 'imem_addr[22]' is unconstrained in PCF and will be automatically placed
Warning: IO 'imem_addr[21]' is unconstrained in PCF and will be automatically placed
Warning: IO 'imem_addr[20]' is unconstrained in PCF and will be automatically placed
Warning: IO 'imem_addr[19]' is unconstrained in PCF and will be automatically placed
Warning: IO 'imem_addr[18]' is unconstrained in PCF and will be automatically placed
Warning: IO 'imem_addr[17]' is unconstrained in PCF and will be automatically placed
Warning: IO 'imem_addr[16]' is unconstrained in PCF and will be automatically placed
Warning: IO 'imem_addr[15]' is unconstrained in PCF and will be automatically placed
Warning: IO 'imem_addr[14]' is unconstrained in PCF and will be automatically placed
Warning: IO 'imem_addr[13]' is unconstrained in PCF and will be automatically placed
Warning: IO 'imem_addr[12]' is unconstrained in PCF and will be automatically placed
Warning: IO 'imem_addr[11]' is unconstrained in PCF and will be automatically placed
Warning: IO 'imem_addr[10]' is unconstrained in PCF and will be automatically placed
Warning: IO 'imem_addr[9]' is unconstrained in PCF and will be automatically placed
Warning: IO 'imem_addr[8]' is unconstrained in PCF and will be automatically placed
Warning: IO 'imem_addr[7]' is unconstrained in PCF and will be automatically placed
Warning: IO 'imem_addr[6]' is unconstrained in PCF and will be automatically placed
Warning: IO 'imem_addr[5]' is unconstrained in PCF and will be automatically placed
Warning: IO 'imem_addr[4]' is unconstrained in PCF and will be automatically placed
Warning: IO 'imem_addr[3]' is unconstrained in PCF and will be automatically placed
Warning: IO 'imem_addr[2]' is unconstrained in PCF and will be automatically placed
Warning: IO 'imem_addr[1]' is unconstrained in PCF and will be automatically placed
Warning: IO 'imem_addr[0]' is unconstrained in PCF and will be automatically placed
Warning: IO 'dmem_wstrb[3]' is unconstrained in PCF and will be automatically placed
Warning: IO 'dmem_wstrb[2]' is unconstrained in PCF and will be automatically placed
Warning: IO 'dmem_wstrb[1]' is unconstrained in PCF and will be automatically placed
Warning: IO 'dmem_wstrb[0]' is unconstrained in PCF and will be automatically placed
Warning: IO 'dmem_wdata[31]' is unconstrained in PCF and will be automatically placed
Warning: IO 'dmem_wdata[30]' is unconstrained in PCF and will be automatically placed
Warning: IO 'dmem_wdata[29]' is unconstrained in PCF and will be automatically placed
Warning: IO 'dmem_wdata[28]' is unconstrained in PCF and will be automatically placed
Warning: IO 'dmem_wdata[27]' is unconstrained in PCF and will be automatically placed
Warning: IO 'dmem_wdata[26]' is unconstrained in PCF and will be automatically placed
Warning: IO 'dmem_wdata[25]' is unconstrained in PCF and will be automatically placed
Warning: IO 'dmem_wdata[24]' is unconstrained in PCF and will be automatically placed
Warning: IO 'dmem_wdata[23]' is unconstrained in PCF and will be automatically placed
Warning: IO 'dmem_wdata[22]' is unconstrained in PCF and will be automatically placed
Warning: IO 'dmem_wdata[21]' is unconstrained in PCF and will be automatically placed
Warning: IO 'dmem_wdata[20]' is unconstrained in PCF and will be automatically placed
Warning: IO 'dmem_wdata[19]' is unconstrained in PCF and will be automatically placed
Warning: IO 'dmem_wdata[18]' is unconstrained in PCF and will be automatically placed
Warning: IO 'dmem_wdata[17]' is unconstrained in PCF and will be automatically placed
Warning: IO 'dmem_wdata[16]' is unconstrained in PCF and will be automatically placed
Warning: IO 'dmem_wdata[15]' is unconstrained in PCF and will be automatically placed
Warning: IO 'dmem_wdata[14]' is unconstrained in PCF and will be automatically placed
Warning: IO 'dmem_wdata[13]' is unconstrained in PCF and will be automatically placed
Warning: IO 'dmem_wdata[12]' is unconstrained in PCF and will be automatically placed
Warning: IO 'dmem_wdata[11]' is unconstrained in PCF and will be automatically placed
Warning: IO 'dmem_wdata[10]' is unconstrained in PCF and will be automatically placed
Warning: IO 'dmem_wdata[9]' is unconstrained in PCF and will be automatically placed
Warning: IO 'dmem_wdata[8]' is unconstrained in PCF and will be automatically placed
Warning: IO 'dmem_wdata[7]' is unconstrained in PCF and will be automatically placed
Warning: IO 'dmem_wdata[6]' is unconstrained in PCF and will be automatically placed
Warning: IO 'dmem_wdata[5]' is unconstrained in PCF and will be automatically placed
Warning: IO 'dmem_wdata[4]' is unconstrained in PCF and will be automatically placed
Warning: IO 'dmem_wdata[3]' is unconstrained in PCF and will be automatically placed
Warning: IO 'dmem_wdata[2]' is unconstrained in PCF and will be automatically placed
Warning: IO 'dmem_wdata[1]' is unconstrained in PCF and will be automatically placed
Warning: IO 'dmem_wdata[0]' is unconstrained in PCF and will be automatically placed
Warning: IO 'dmem_valid' is unconstrained in PCF and will be automatically placed
Warning: IO 'dmem_rdata[31]' is unconstrained in PCF and will be automatically placed
Warning: IO 'dmem_rdata[30]' is unconstrained in PCF and will be automatically placed
Warning: IO 'dmem_rdata[29]' is unconstrained in PCF and will be automatically placed
Warning: IO 'dmem_rdata[28]' is unconstrained in PCF and will be automatically placed
Warning: IO 'dmem_rdata[27]' is unconstrained in PCF and will be automatically placed
Warning: IO 'dmem_rdata[26]' is unconstrained in PCF and will be automatically placed
Warning: IO 'dmem_rdata[25]' is unconstrained in PCF and will be automatically placed
Warning: IO 'dmem_rdata[24]' is unconstrained in PCF and will be automatically placed
Warning: IO 'dmem_rdata[23]' is unconstrained in PCF and will be automatically placed
Warning: IO 'dmem_rdata[22]' is unconstrained in PCF and will be automatically placed
Warning: IO 'dmem_rdata[21]' is unconstrained in PCF and will be automatically placed
Warning: IO 'dmem_rdata[20]' is unconstrained in PCF and will be automatically placed
Warning: IO 'dmem_rdata[19]' is unconstrained in PCF and will be automatically placed
Warning: IO 'dmem_rdata[18]' is unconstrained in PCF and will be automatically placed
Warning: IO 'dmem_rdata[17]' is unconstrained in PCF and will be automatically placed
Warning: IO 'dmem_rdata[16]' is unconstrained in PCF and will be automatically placed
Warning: IO 'dmem_rdata[15]' is unconstrained in PCF and will be automatically placed
Warning: IO 'dmem_rdata[14]' is unconstrained in PCF and will be automatically placed
Warning: IO 'dmem_rdata[13]' is unconstrained in PCF and will be automatically placed
Warning: IO 'dmem_rdata[12]' is unconstrained in PCF and will be automatically placed
Warning: IO 'dmem_rdata[11]' is unconstrained in PCF and will be automatically placed
Warning: IO 'dmem_rdata[10]' is unconstrained in PCF and will be automatically placed
Warning: IO 'dmem_rdata[9]' is unconstrained in PCF and will be automatically placed
Warning: IO 'dmem_rdata[8]' is unconstrained in PCF and will be automatically placed
Warning: IO 'dmem_rdata[7]' is unconstrained in PCF and will be automatically placed
Warning: IO 'dmem_rdata[6]' is unconstrained in PCF and will be automatically placed
Warning: IO 'dmem_rdata[5]' is unconstrained in PCF and will be automatically placed
Warning: IO 'dmem_rdata[4]' is unconstrained in PCF and will be automatically placed
Warning: IO 'dmem_rdata[3]' is unconstrained in PCF and will be automatically placed
Warning: IO 'dmem_rdata[2]' is unconstrained in PCF and will be automatically placed
Warning: IO 'dmem_rdata[1]' is unconstrained in PCF and will be automatically placed
Warning: IO 'dmem_rdata[0]' is unconstrained in PCF and will be automatically placed
Warning: IO 'dmem_addr[31]' is unconstrained in PCF and will be automatically placed
Warning: IO 'dmem_addr[30]' is unconstrained in PCF and will be automatically placed
Warning: IO 'dmem_addr[29]' is unconstrained in PCF and will be automatically placed
Warning: IO 'dmem_addr[28]' is unconstrained in PCF and will be automatically placed
Warning: IO 'dmem_addr[27]' is unconstrained in PCF and will be automatically placed
Warning: IO 'dmem_addr[26]' is unconstrained in PCF and will be automatically placed
Warning: IO 'dmem_addr[25]' is unconstrained in PCF and will be automatically placed
Warning: IO 'dmem_addr[24]' is unconstrained in PCF and will be automatically placed
Warning: IO 'dmem_addr[23]' is unconstrained in PCF and will be automatically placed
Warning: IO 'dmem_addr[22]' is unconstrained in PCF and will be automatically placed
Warning: IO 'dmem_addr[21]' is unconstrained in PCF and will be automatically placed
Warning: IO 'dmem_addr[20]' is unconstrained in PCF and will be automatically placed
Warning: IO 'dmem_addr[19]' is unconstrained in PCF and will be automatically placed
Warning: IO 'dmem_addr[18]' is unconstrained in PCF and will be automatically placed
Warning: IO 'dmem_addr[17]' is unconstrained in PCF and will be automatically placed
Warning: IO 'dmem_addr[16]' is unconstrained in PCF and will be automatically placed
Warning: IO 'dmem_addr[15]' is unconstrained in PCF and will be automatically placed
Warning: IO 'dmem_addr[14]' is unconstrained in PCF and will be automatically placed
Warning: IO 'dmem_addr[13]' is unconstrained in PCF and will be automatically placed
Warning: IO 'dmem_addr[12]' is unconstrained in PCF and will be automatically placed
Warning: IO 'dmem_addr[11]' is unconstrained in PCF and will be automatically placed
Warning: IO 'dmem_addr[10]' is unconstrained in PCF and will be automatically placed
Warning: IO 'dmem_addr[9]' is unconstrained in PCF and will be automatically placed
Warning: IO 'dmem_addr[8]' is unconstrained in PCF and will be automatically placed
Warning: IO 'dmem_addr[7]' is unconstrained in PCF and will be automatically placed
Warning: IO 'dmem_addr[6]' is unconstrained in PCF and will be automatically placed
Warning: IO 'dmem_addr[5]' is unconstrained in PCF and will be automatically placed
Warning: IO 'dmem_addr[4]' is unconstrained in PCF and will be automatically placed
Warning: IO 'dmem_addr[3]' is unconstrained in PCF and will be automatically placed
Warning: IO 'dmem_addr[2]' is unconstrained in PCF and will be automatically placed
Warning: IO 'dmem_addr[1]' is unconstrained in PCF and will be automatically placed
Warning: IO 'dmem_addr[0]' is unconstrained in PCF and will be automatically placed
Warning: IO 'clock' is unconstrained in PCF and will be automatically placed

Info: Packing constants..
Info: Packing IOs..
Info: Packing LUT-FFs..
Info:     3499 LCs used as LUT4 only
Info:       31 LCs used as LUT4 and DFF
Info: Packing non-LUT FFs..
Info:     1070 LCs used as DFF only
Info: Packing carries..
Info:      134 LCs used as CARRY only
Info: Packing RAMs..
Info: Placing PLLs..
Info: Packing special functions..
Info: Packing PLLs..
Info: Promoting globals..
Info: promoting clock$SB_IO_IN (fanout 1101)
Info: promoting $abc$21969$auto$dff2dffe.cc:158:make_patterns_logic$20542 [cen] (fanout 32)
Info: promoting $abc$21969$auto$dff2dffe.cc:158:make_patterns_logic$19198 [cen] (fanout 32)
Info: promoting $abc$21969$auto$dff2dffe.cc:158:make_patterns_logic$18814 [cen] (fanout 32)
Info: promoting $abc$21969$auto$dff2dffe.cc:158:make_patterns_logic$19390 [cen] (fanout 32)
Info: Constraining chains...
Info:        7 LCs used to legalise carry chains.
Info: Checksum: 0x7b235fd6

Info: Annotating ports with timing budgets for target frequency 12.00 MHz
Info: Checksum: 0x30901ea8

Info: Device utilisation:
Info: 	         ICESTORM_LC:  4743/ 7680    61%
Info: 	        ICESTORM_RAM:     0/   32     0%
Info: 	               SB_IO:   168/  256    65%
Info: 	               SB_GB:     5/    8    62%
Info: 	        ICESTORM_PLL:     0/    2     0%
Info: 	         SB_WARMBOOT:     0/    1     0%

Info: Placed 0 cells based on constraints.
Info: Creating initial analytic placement for 4384 cells, random placement wirelen = 129032.
Info:     at initial placer iter 0, wirelen = 5700
Info:     at initial placer iter 1, wirelen = 4927
Info:     at initial placer iter 2, wirelen = 4837
Info:     at initial placer iter 3, wirelen = 4854
Info: Running main analytical placer.
Info:     at iteration #1, type ALL: wirelen solved = 4847, spread = 29789, legal = 32710; time = 0.19s
Info:     at iteration #2, type ALL: wirelen solved = 6211, spread = 25124, legal = 28559; time = 0.20s
Info:     at iteration #3, type ALL: wirelen solved = 7785, spread = 23189, legal = 26772; time = 0.19s
Info:     at iteration #4, type ALL: wirelen solved = 8697, spread = 22017, legal = 25760; time = 0.18s
Info:     at iteration #5, type ALL: wirelen solved = 9077, spread = 22051, legal = 25617; time = 0.17s
Info:     at iteration #6, type ALL: wirelen solved = 9893, spread = 20865, legal = 24433; time = 0.18s
Info:     at iteration #7, type ALL: wirelen solved = 10089, spread = 20592, legal = 24100; time = 0.17s
Info:     at iteration #8, type ALL: wirelen solved = 10259, spread = 20282, legal = 23772; time = 0.17s
Info:     at iteration #9, type ALL: wirelen solved = 10673, spread = 19756, legal = 23471; time = 0.17s
Info:     at iteration #10, type ALL: wirelen solved = 11168, spread = 19627, legal = 23434; time = 0.17s
Info:     at iteration #11, type ALL: wirelen solved = 11517, spread = 19475, legal = 23210; time = 0.16s
Info:     at iteration #12, type ALL: wirelen solved = 12065, spread = 19668, legal = 23322; time = 0.16s
Info:     at iteration #13, type ALL: wirelen solved = 12410, spread = 19213, legal = 22689; time = 0.16s
Info:     at iteration #14, type ALL: wirelen solved = 12697, spread = 19053, legal = 23098; time = 0.17s
Info:     at iteration #15, type ALL: wirelen solved = 12976, spread = 18343, legal = 22633; time = 0.16s
Info:     at iteration #16, type ALL: wirelen solved = 12873, spread = 18157, legal = 22600; time = 0.16s
Info:     at iteration #17, type ALL: wirelen solved = 12860, spread = 18029, legal = 22187; time = 0.16s
Info:     at iteration #18, type ALL: wirelen solved = 13264, spread = 18210, legal = 22666; time = 0.16s
Info:     at iteration #19, type ALL: wirelen solved = 13597, spread = 18277, legal = 22346; time = 0.16s
Info:     at iteration #20, type ALL: wirelen solved = 13602, spread = 18095, legal = 22364; time = 0.16s
Info:     at iteration #21, type ALL: wirelen solved = 14082, spread = 18071, legal = 22625; time = 0.16s
Info:     at iteration #22, type ALL: wirelen solved = 14034, spread = 17836, legal = 22207; time = 0.17s
Info: HeAP Placer Time: 4.64s
Info:   of which solving equations: 2.17s
Info:   of which spreading cells: 0.35s
Info:   of which strict legalisation: 1.51s

Info: Running simulated annealing placer for refinement.
Info:   at iteration #1: temp = 0.000000, timing cost = 1793, wirelen = 22187
Info:   at iteration #5: temp = 0.000000, timing cost = 1919, wirelen = 19867
Info:   at iteration #10: temp = 0.000000, timing cost = 1865, wirelen = 19212
Info:   at iteration #15: temp = 0.000000, timing cost = 1867, wirelen = 18785
Info:   at iteration #20: temp = 0.000000, timing cost = 1849, wirelen = 18702
Info:   at iteration #24: temp = 0.000000, timing cost = 1827, wirelen = 18643 
Info: SA placement time 7.34s

Info: Max frequency for clock 'clock$SB_IO_IN_$glb_clk': 38.59 MHz (PASS at 12.00 MHz)

Info: Max delay <async>                         -> <async>                        : 29.48 ns
Info: Max delay <async>                         -> posedge clock$SB_IO_IN_$glb_clk: 28.56 ns
Info: Max delay posedge clock$SB_IO_IN_$glb_clk -> <async>                        : 26.84 ns

Info: Slack histogram:
Info:  legend: * represents 15 endpoint(s)
Info:          + represents [1,15) endpoint(s)
Info: [ 53853,  55248) |*+
Info: [ 55248,  56643) |*****+
Info: [ 56643,  58038) |**********************+
Info: [ 58038,  59433) |********************************************+
Info: [ 59433,  60828) |*******************+
Info: [ 60828,  62223) |************************************************************ 
Info: [ 62223,  63618) |***************************************************+
Info: [ 63618,  65013) |****+
Info: [ 65013,  66408) |**+
Info: [ 66408,  67803) |****+
Info: [ 67803,  69198) |***+
Info: [ 69198,  70593) |*******+
Info: [ 70593,  71988) |*************************************+
Info: [ 71988,  73383) |****************+
Info: [ 73383,  74778) |***+
Info: [ 74778,  76173) |+
Info: [ 76173,  77568) |+
Info: [ 77568,  78963) |+
Info: [ 78963,  80358) |*+
Info: [ 80358,  81753) |*+
Info: Checksum: 0x8dab4ae9

Info: Routing..
Info: Setting up routing queue.
Info: Routing 15280 arcs.
Info:            |   (re-)routed arcs  |   delta    | remaining|       time spent     |
Info:    IterCnt |  w/ripup   wo/ripup |  w/r  wo/r |      arcs| batch(sec) total(sec)|
Info:       1000 |        8        991 |    8   991 |     14293|       0.33       0.33|
Info:       2000 |       20       1979 |   12   988 |     13313|       0.45       0.78|
Info:       3000 |       31       2968 |   11   989 |     12347|       0.35       1.13|
Info:       4000 |       93       3906 |   62   938 |     11436|       0.19       1.32|
Info:       5000 |      207       4717 |  114   811 |     10586|       0.12       1.44|
Info:       6000 |      364       5471 |  157   754 |      9779|       0.15       1.59|
Info:       7000 |      588       6170 |  224   699 |      9083|       0.19       1.77|
Info:       8000 |      793       6911 |  205   741 |      8330|       0.17       1.95|
Info:       9000 |      943       7745 |  150   834 |      7528|       0.47       2.41|
Info:      10000 |     1130       8558 |  187   813 |      6816|       0.63       3.04|
Info:      11000 |     1318       9370 |  188   812 |      6077|       0.46       3.50|
Info:      12000 |     1519      10169 |  201   799 |      5396|       0.38       3.88|
Info:      13000 |     1734      10954 |  215   785 |      4722|       0.34       4.22|
Info:      14000 |     2018      11670 |  284   716 |      4162|       0.47       4.69|
Info:      15000 |     2270      12418 |  252   748 |      3572|       0.30       4.99|
Info:      16000 |     2505      13183 |  235   765 |      2876|       0.36       5.35|
Info:      17000 |     2812      13876 |  307   693 |      2387|       0.62       5.97|
Info:      18000 |     3233      14455 |  421   579 |      2113|       0.87       6.84|
Info:      19000 |     3685      15003 |  452   548 |      1871|       0.91       7.75|
Info:      20000 |     4122      15566 |  437   563 |      1630|       0.88       8.64|
Info:      21000 |     4585      16103 |  463   537 |      1441|       1.07       9.70|
Info:      22000 |     5133      16555 |  548   452 |      1353|       0.95      10.66|
Info:      23000 |     5596      17092 |  463   537 |      1191|       0.84      11.49|
Info:      24000 |     6096      17592 |  500   500 |      1014|       0.94      12.44|
Info:      25000 |     6589      18099 |  493   507 |       847|       0.94      13.38|
Info:      26000 |     7084      18604 |  495   505 |       648|       0.75      14.13|
Info:      26649 |     7086      19252 |    2   648 |         0|       0.39      14.51|
Info: Routing complete.
Info: Router1 time 14.51s
Info: Checksum: 0xfa1b4923

Info: Critical path report for clock 'clock$SB_IO_IN_$glb_clk' (posedge -> posedge):
Info: curr total
Info:  0.5  0.5  Source $auto$simplemap.cc:420:simplemap_dff$2039_DFFLC.O
Info:  1.9  2.4    Net regfile[10][0] budget 0.000000 ns (22,20) -> (20,18)
Info:                Sink $abc$21969$auto$blifparse.cc:492:parse_blif$22865_LC.I0
Info:  0.4  2.8  Source $abc$21969$auto$blifparse.cc:492:parse_blif$22865_LC.O
Info:  0.6  3.4    Net $abc$21969$new_n2710_ budget 0.000000 ns (20,18) -> (19,17)
Info:                Sink $abc$21969$auto$blifparse.cc:492:parse_blif$22864_LC.I1
Info:  0.4  3.8  Source $abc$21969$auto$blifparse.cc:492:parse_blif$22864_LC.O
Info:  0.6  4.4    Net $abc$21969$new_n2709_ budget 0.000000 ns (19,17) -> (19,17)
Info:                Sink $abc$21969$auto$blifparse.cc:492:parse_blif$22857_LC.I1
Info:  0.4  4.8  Source $abc$21969$auto$blifparse.cc:492:parse_blif$22857_LC.O
Info:  0.6  5.4    Net $abc$21969$memory\regfile$rdmux[0][0][0]$a$921[0]_new_inv_ budget 0.000000 ns (19,17) -> (18,18)
Info:                Sink $abc$21969$auto$blifparse.cc:492:parse_blif$22843_LC.I0
Info:  0.4  5.9  Source $abc$21969$auto$blifparse.cc:492:parse_blif$22843_LC.O
Info:  2.6  8.5    Net rs1_value[0] budget 0.000000 ns (18,18) -> (6,11)
Info:                Sink $abc$21969$auto$blifparse.cc:492:parse_blif$24870_LC.I0
Info:                Defined in:
Info:                  nerv.sv:87
Info:  0.4  9.0  Source $abc$21969$auto$blifparse.cc:492:parse_blif$24870_LC.O
Info:  0.6  9.5    Net $abc$21969$auto$alumacc.cc:474:replace_alu$752.BB[0] budget 0.000000 ns (6,11) -> (7,12)
Info:                Sink $auto$alumacc.cc:474:replace_alu$803.slice[0].carry$CARRY.I2
Info:                Defined in:
Info:                  nerv.sv:284
Info:                  /usr/bin/../share/yosys/ice40/arith_map.v:42
Info:  0.2  9.8  Source $auto$alumacc.cc:474:replace_alu$803.slice[0].carry$CARRY.COUT
Info:  0.0  9.8    Net $auto$alumacc.cc:474:replace_alu$803.C[1] budget 0.000000 ns (7,12) -> (7,12)
Info:                Sink $auto$alumacc.cc:474:replace_alu$803.slice[1].carry$CARRY.CIN
Info:                Defined in:
Info:                  nerv.sv:230
Info:                  /usr/bin/../share/yosys/ice40/arith_map.v:43
Info:  0.1  9.9  Source $auto$alumacc.cc:474:replace_alu$803.slice[1].carry$CARRY.COUT
Info:  0.0  9.9    Net $auto$alumacc.cc:474:replace_alu$803.C[2] budget 0.000000 ns (7,12) -> (7,12)
Info:                Sink $auto$alumacc.cc:474:replace_alu$803.slice[2].carry$CARRY.CIN
Info:                Defined in:
Info:                  nerv.sv:230
Info:                  /usr/bin/../share/yosys/ice40/arith_map.v:43
Info:  0.1 10.0  Source $auto$alumacc.cc:474:replace_alu$803.slice[2].carry$CARRY.COUT
Info:  0.0 10.0    Net $auto$alumacc.cc:474:replace_alu$803.C[3] budget 0.000000 ns (7,12) -> (7,12)
Info:                Sink $auto$alumacc.cc:474:replace_alu$803.slice[3].carry$CARRY.CIN
Info:                Defined in:
Info:                  nerv.sv:230
Info:                  /usr/bin/../share/yosys/ice40/arith_map.v:43
Info:  0.1 10.2  Source $auto$alumacc.cc:474:replace_alu$803.slice[3].carry$CARRY.COUT
Info:  0.0 10.2    Net $auto$alumacc.cc:474:replace_alu$803.C[4] budget 0.000000 ns (7,12) -> (7,12)
Info:                Sink $auto$alumacc.cc:474:replace_alu$803.slice[4].carry$CARRY.CIN
Info:                Defined in:
Info:                  nerv.sv:230
Info:                  /usr/bin/../share/yosys/ice40/arith_map.v:43
Info:  0.1 10.3  Source $auto$alumacc.cc:474:replace_alu$803.slice[4].carry$CARRY.COUT
Info:  0.0 10.3    Net $auto$alumacc.cc:474:replace_alu$803.C[5] budget 0.000000 ns (7,12) -> (7,12)
Info:                Sink $auto$alumacc.cc:474:replace_alu$803.slice[5].carry$CARRY.CIN
Info:                Defined in:
Info:                  nerv.sv:230
Info:                  /usr/bin/../share/yosys/ice40/arith_map.v:43
Info:  0.1 10.4  Source $auto$alumacc.cc:474:replace_alu$803.slice[5].carry$CARRY.COUT
Info:  0.0 10.4    Net $auto$alumacc.cc:474:replace_alu$803.C[6] budget 0.000000 ns (7,12) -> (7,12)
Info:                Sink $auto$alumacc.cc:474:replace_alu$803.slice[6].carry$CARRY.CIN
Info:                Defined in:
Info:                  nerv.sv:230
Info:                  /usr/bin/../share/yosys/ice40/arith_map.v:43
Info:  0.1 10.5  Source $auto$alumacc.cc:474:replace_alu$803.slice[6].carry$CARRY.COUT
Info:  0.0 10.5    Net $auto$alumacc.cc:474:replace_alu$803.C[7] budget 0.000000 ns (7,12) -> (7,12)
Info:                Sink $auto$alumacc.cc:474:replace_alu$803.slice[7].carry$CARRY.CIN
Info:                Defined in:
Info:                  nerv.sv:230
Info:                  /usr/bin/../share/yosys/ice40/arith_map.v:43
Info:  0.1 10.7  Source $auto$alumacc.cc:474:replace_alu$803.slice[7].carry$CARRY.COUT
Info:  0.2 10.9    Net $auto$alumacc.cc:474:replace_alu$803.C[8] budget 0.190000 ns (7,12) -> (7,13)
Info:                Sink $auto$alumacc.cc:474:replace_alu$803.slice[8].carry$CARRY.CIN
Info:                Defined in:
Info:                  nerv.sv:230
Info:                  /usr/bin/../share/yosys/ice40/arith_map.v:43
Info:  0.1 11.0  Source $auto$alumacc.cc:474:replace_alu$803.slice[8].carry$CARRY.COUT
Info:  0.0 11.0    Net $auto$alumacc.cc:474:replace_alu$803.C[9] budget 0.000000 ns (7,13) -> (7,13)
Info:                Sink $auto$alumacc.cc:474:replace_alu$803.slice[9].carry$CARRY.CIN
Info:                Defined in:
Info:                  nerv.sv:230
Info:                  /usr/bin/../share/yosys/ice40/arith_map.v:43
Info:  0.1 11.1  Source $auto$alumacc.cc:474:replace_alu$803.slice[9].carry$CARRY.COUT
Info:  0.0 11.1    Net $auto$alumacc.cc:474:replace_alu$803.C[10] budget 0.000000 ns (7,13) -> (7,13)
Info:                Sink $auto$alumacc.cc:474:replace_alu$803.slice[10].carry$CARRY.CIN
Info:                Defined in:
Info:                  nerv.sv:230
Info:                  /usr/bin/../share/yosys/ice40/arith_map.v:43
Info:  0.1 11.2  Source $auto$alumacc.cc:474:replace_alu$803.slice[10].carry$CARRY.COUT
Info:  0.0 11.2    Net $auto$alumacc.cc:474:replace_alu$803.C[11] budget 0.000000 ns (7,13) -> (7,13)
Info:                Sink $auto$alumacc.cc:474:replace_alu$803.slice[11].carry$CARRY.CIN
Info:                Defined in:
Info:                  nerv.sv:230
Info:                  /usr/bin/../share/yosys/ice40/arith_map.v:43
Info:  0.1 11.4  Source $auto$alumacc.cc:474:replace_alu$803.slice[11].carry$CARRY.COUT
Info:  0.0 11.4    Net $auto$alumacc.cc:474:replace_alu$803.C[12] budget 0.000000 ns (7,13) -> (7,13)
Info:                Sink $auto$alumacc.cc:474:replace_alu$803.slice[12].carry$CARRY.CIN
Info:                Defined in:
Info:                  nerv.sv:230
Info:                  /usr/bin/../share/yosys/ice40/arith_map.v:43
Info:  0.1 11.5  Source $auto$alumacc.cc:474:replace_alu$803.slice[12].carry$CARRY.COUT
Info:  0.0 11.5    Net $auto$alumacc.cc:474:replace_alu$803.C[13] budget 0.000000 ns (7,13) -> (7,13)
Info:                Sink $auto$alumacc.cc:474:replace_alu$803.slice[13].carry$CARRY.CIN
Info:                Defined in:
Info:                  nerv.sv:230
Info:                  /usr/bin/../share/yosys/ice40/arith_map.v:43
Info:  0.1 11.6  Source $auto$alumacc.cc:474:replace_alu$803.slice[13].carry$CARRY.COUT
Info:  0.0 11.6    Net $auto$alumacc.cc:474:replace_alu$803.C[14] budget 0.000000 ns (7,13) -> (7,13)
Info:                Sink $auto$alumacc.cc:474:replace_alu$803.slice[14].carry$CARRY.CIN
Info:                Defined in:
Info:                  nerv.sv:230
Info:                  /usr/bin/../share/yosys/ice40/arith_map.v:43
Info:  0.1 11.7  Source $auto$alumacc.cc:474:replace_alu$803.slice[14].carry$CARRY.COUT
Info:  0.0 11.7    Net $auto$alumacc.cc:474:replace_alu$803.C[15] budget 0.000000 ns (7,13) -> (7,13)
Info:                Sink $auto$alumacc.cc:474:replace_alu$803.slice[15].carry$CARRY.CIN
Info:                Defined in:
Info:                  nerv.sv:230
Info:                  /usr/bin/../share/yosys/ice40/arith_map.v:43
Info:  0.1 11.9  Source $auto$alumacc.cc:474:replace_alu$803.slice[15].carry$CARRY.COUT
Info:  0.2 12.1    Net $auto$alumacc.cc:474:replace_alu$803.C[16] budget 0.190000 ns (7,13) -> (7,14)
Info:                Sink $auto$alumacc.cc:474:replace_alu$803.slice[16].carry$CARRY.CIN
Info:                Defined in:
Info:                  nerv.sv:230
Info:                  /usr/bin/../share/yosys/ice40/arith_map.v:43
Info:  0.1 12.2  Source $auto$alumacc.cc:474:replace_alu$803.slice[16].carry$CARRY.COUT
Info:  0.0 12.2    Net $auto$alumacc.cc:474:replace_alu$803.C[17] budget 0.000000 ns (7,14) -> (7,14)
Info:                Sink $auto$alumacc.cc:474:replace_alu$803.slice[17].carry$CARRY.CIN
Info:                Defined in:
Info:                  nerv.sv:230
Info:                  /usr/bin/../share/yosys/ice40/arith_map.v:43
Info:  0.1 12.3  Source $auto$alumacc.cc:474:replace_alu$803.slice[17].carry$CARRY.COUT
Info:  0.0 12.3    Net $auto$alumacc.cc:474:replace_alu$803.C[18] budget 0.000000 ns (7,14) -> (7,14)
Info:                Sink $auto$alumacc.cc:474:replace_alu$803.slice[18].carry$CARRY.CIN
Info:                Defined in:
Info:                  nerv.sv:230
Info:                  /usr/bin/../share/yosys/ice40/arith_map.v:43
Info:  0.1 12.4  Source $auto$alumacc.cc:474:replace_alu$803.slice[18].carry$CARRY.COUT
Info:  0.0 12.4    Net $auto$alumacc.cc:474:replace_alu$803.C[19] budget 0.000000 ns (7,14) -> (7,14)
Info:                Sink $auto$alumacc.cc:474:replace_alu$803.slice[19].carry$CARRY.CIN
Info:                Defined in:
Info:                  nerv.sv:230
Info:                  /usr/bin/../share/yosys/ice40/arith_map.v:43
Info:  0.1 12.6  Source $auto$alumacc.cc:474:replace_alu$803.slice[19].carry$CARRY.COUT
Info:  0.0 12.6    Net $auto$alumacc.cc:474:replace_alu$803.C[20] budget 0.000000 ns (7,14) -> (7,14)
Info:                Sink $auto$alumacc.cc:474:replace_alu$803.slice[20].carry$CARRY.CIN
Info:                Defined in:
Info:                  nerv.sv:230
Info:                  /usr/bin/../share/yosys/ice40/arith_map.v:43
Info:  0.1 12.7  Source $auto$alumacc.cc:474:replace_alu$803.slice[20].carry$CARRY.COUT
Info:  0.0 12.7    Net $auto$alumacc.cc:474:replace_alu$803.C[21] budget 0.000000 ns (7,14) -> (7,14)
Info:                Sink $auto$alumacc.cc:474:replace_alu$803.slice[21].carry$CARRY.CIN
Info:                Defined in:
Info:                  nerv.sv:230
Info:                  /usr/bin/../share/yosys/ice40/arith_map.v:43
Info:  0.1 12.8  Source $auto$alumacc.cc:474:replace_alu$803.slice[21].carry$CARRY.COUT
Info:  0.0 12.8    Net $auto$alumacc.cc:474:replace_alu$803.C[22] budget 0.000000 ns (7,14) -> (7,14)
Info:                Sink $auto$alumacc.cc:474:replace_alu$803.slice[22].carry$CARRY.CIN
Info:                Defined in:
Info:                  nerv.sv:230
Info:                  /usr/bin/../share/yosys/ice40/arith_map.v:43
Info:  0.1 12.9  Source $auto$alumacc.cc:474:replace_alu$803.slice[22].carry$CARRY.COUT
Info:  0.0 12.9    Net $auto$alumacc.cc:474:replace_alu$803.C[23] budget 0.000000 ns (7,14) -> (7,14)
Info:                Sink $auto$alumacc.cc:474:replace_alu$803.slice[23].carry$CARRY.CIN
Info:                Defined in:
Info:                  nerv.sv:230
Info:                  /usr/bin/../share/yosys/ice40/arith_map.v:43
Info:  0.1 13.1  Source $auto$alumacc.cc:474:replace_alu$803.slice[23].carry$CARRY.COUT
Info:  0.2 13.3    Net $auto$alumacc.cc:474:replace_alu$803.C[24] budget 0.190000 ns (7,14) -> (7,15)
Info:                Sink $auto$alumacc.cc:474:replace_alu$803.slice[24].carry$CARRY.CIN
Info:                Defined in:
Info:                  nerv.sv:230
Info:                  /usr/bin/../share/yosys/ice40/arith_map.v:43
Info:  0.1 13.4  Source $auto$alumacc.cc:474:replace_alu$803.slice[24].carry$CARRY.COUT
Info:  0.0 13.4    Net $auto$alumacc.cc:474:replace_alu$803.C[25] budget 0.000000 ns (7,15) -> (7,15)
Info:                Sink $auto$alumacc.cc:474:replace_alu$803.slice[25].carry$CARRY.CIN
Info:                Defined in:
Info:                  nerv.sv:230
Info:                  /usr/bin/../share/yosys/ice40/arith_map.v:43
Info:  0.1 13.5  Source $auto$alumacc.cc:474:replace_alu$803.slice[25].carry$CARRY.COUT
Info:  0.0 13.5    Net $auto$alumacc.cc:474:replace_alu$803.C[26] budget 0.000000 ns (7,15) -> (7,15)
Info:                Sink $auto$alumacc.cc:474:replace_alu$803.slice[26].carry$CARRY.CIN
Info:                Defined in:
Info:                  nerv.sv:230
Info:                  /usr/bin/../share/yosys/ice40/arith_map.v:43
Info:  0.1 13.6  Source $auto$alumacc.cc:474:replace_alu$803.slice[26].carry$CARRY.COUT
Info:  0.0 13.6    Net $auto$alumacc.cc:474:replace_alu$803.C[27] budget 0.000000 ns (7,15) -> (7,15)
Info:                Sink $auto$alumacc.cc:474:replace_alu$803.slice[27].carry$CARRY.CIN
Info:                Defined in:
Info:                  nerv.sv:230
Info:                  /usr/bin/../share/yosys/ice40/arith_map.v:43
Info:  0.1 13.8  Source $auto$alumacc.cc:474:replace_alu$803.slice[27].carry$CARRY.COUT
Info:  0.0 13.8    Net $auto$alumacc.cc:474:replace_alu$803.C[28] budget 0.000000 ns (7,15) -> (7,15)
Info:                Sink $auto$alumacc.cc:474:replace_alu$803.slice[28].carry$CARRY.CIN
Info:                Defined in:
Info:                  nerv.sv:230
Info:                  /usr/bin/../share/yosys/ice40/arith_map.v:43
Info:  0.1 13.9  Source $auto$alumacc.cc:474:replace_alu$803.slice[28].carry$CARRY.COUT
Info:  0.0 13.9    Net $auto$alumacc.cc:474:replace_alu$803.C[29] budget 0.000000 ns (7,15) -> (7,15)
Info:                Sink $auto$alumacc.cc:474:replace_alu$803.slice[29].carry$CARRY.CIN
Info:                Defined in:
Info:                  nerv.sv:230
Info:                  /usr/bin/../share/yosys/ice40/arith_map.v:43
Info:  0.1 14.0  Source $auto$alumacc.cc:474:replace_alu$803.slice[29].carry$CARRY.COUT
Info:  0.0 14.0    Net $auto$alumacc.cc:474:replace_alu$803.C[30] budget 0.000000 ns (7,15) -> (7,15)
Info:                Sink $auto$alumacc.cc:474:replace_alu$803.slice[30].carry$CARRY.CIN
Info:                Defined in:
Info:                  nerv.sv:230
Info:                  /usr/bin/../share/yosys/ice40/arith_map.v:43
Info:  0.1 14.1  Source $auto$alumacc.cc:474:replace_alu$803.slice[30].carry$CARRY.COUT
Info:  0.3 14.4    Net $nextpnr_ICESTORM_LC_2$I3 budget 0.260000 ns (7,15) -> (7,15)
Info:                Sink $nextpnr_ICESTORM_LC_2.I3
Info:  0.3 14.7  Source $nextpnr_ICESTORM_LC_2.O
Info:  1.1 15.8    Net $auto$alumacc.cc:474:replace_alu$803.C[31] budget 36.372002 ns (7,15) -> (7,19)
Info:                Sink $abc$21969$auto$blifparse.cc:492:parse_blif$23646_LC.I1
Info:                Defined in:
Info:                  nerv.sv:230
Info:                  /usr/bin/../share/yosys/ice40/arith_map.v:43
Info:  0.4 16.2  Source $abc$21969$auto$blifparse.cc:492:parse_blif$23646_LC.O
Info:  0.6 16.8    Net $abc$21969$auto$rtlil.cc:1864:Xor$809_new_ budget 5.196000 ns (7,19) -> (6,20)
Info:                Sink $abc$21969$auto$blifparse.cc:492:parse_blif$23662_LC.I2
Info:  0.4 17.2  Source $abc$21969$auto$blifparse.cc:492:parse_blif$23662_LC.O
Info:  0.6 17.8    Net $abc$21969$new_n3558_ budget 5.196000 ns (6,20) -> (6,20)
Info:                Sink $abc$21969$auto$blifparse.cc:492:parse_blif$23661_LC.I3
Info:  0.3 18.1  Source $abc$21969$auto$blifparse.cc:492:parse_blif$23661_LC.O
Info:  1.6 19.7    Net $abc$21969$new_n3557_ budget 5.196000 ns (6,20) -> (9,18)
Info:                Sink $abc$21969$auto$blifparse.cc:492:parse_blif$23657_LC.I1
Info:  0.4 20.1  Source $abc$21969$auto$blifparse.cc:492:parse_blif$23657_LC.O
Info:  2.4 22.5    Net $abc$21969$new_n3553_ budget 5.225000 ns (9,18) -> (7,2)
Info:                Sink $abc$21969$auto$blifparse.cc:492:parse_blif$21974_LC.I1
Info:  0.4 22.9  Source $abc$21969$auto$blifparse.cc:492:parse_blif$21974_LC.O
Info:  0.6 23.5    Net $abc$21969$6\illinsn[0:0]_new_inv_ budget 5.225000 ns (7,2) -> (7,2)
Info:                Sink $abc$21969$auto$blifparse.cc:492:parse_blif$21973_LC.I0
Info:                Defined in:
Info:                  nerv.sv:168
Info:  0.4 24.0  Source $abc$21969$auto$blifparse.cc:492:parse_blif$21973_LC.O
Info:  0.6 24.6    Net $abc$21969$procmux$587.B_AND_S[4]_new_ budget 5.225000 ns (7,2) -> (7,2)
Info:                Sink $abc$21969$auto$blifparse.cc:492:parse_blif$21972_LC.I0
Info:                Defined in:
Info:                  nerv.sv:295
Info:                  nerv.sv:188
Info:                  /usr/bin/../share/yosys/techmap.v:432
Info:  0.4 25.0  Source $abc$21969$auto$blifparse.cc:492:parse_blif$21972_LC.O
Info:  1.6 26.6    Net $abc$21969$auto$dff2dffe.cc:175:make_patterns_logic$20851 budget 5.225000 ns (7,2) -> (7,1)
Info:                Sink $auto$simplemap.cc:420:simplemap_dff$9140_DFFLC.CEN
Info:  0.1 26.7  Setup $auto$simplemap.cc:420:simplemap_dff$9140_DFFLC.CEN
Info: 9.9 ns logic, 16.8 ns routing

Info: Critical path report for cross-domain path '<async>' -> '<async>':
Info: curr total
Info:  0.0  0.0  Source imem_data[15]$sb_io.D_IN_0
Info:  2.2  2.2    Net imem_data[15]$SB_IO_IN budget 0.000000 ns (0,23) -> (22,21)
Info:                Sink $abc$21969$auto$blifparse.cc:492:parse_blif$22039_LC.I0
Info:                Defined in:
Info:                  nerv.sv:93
Info:  0.4  2.7  Source $abc$21969$auto$blifparse.cc:492:parse_blif$22039_LC.O
Info:  2.8  5.4    Net $abc$21969$new_n1826_ budget 0.000000 ns (22,21) -> (18,4)
Info:                Sink $abc$21969$auto$blifparse.cc:492:parse_blif$22811_LC.I3
Info:  0.3  5.7  Source $abc$21969$auto$blifparse.cc:492:parse_blif$22811_LC.O
Info:  0.9  6.6    Net $abc$21969$new_n2656_ budget 0.000000 ns (18,4) -> (17,4)
Info:                Sink $abc$21969$auto$blifparse.cc:492:parse_blif$25207_LC.I2
Info:  0.4  7.0  Source $abc$21969$auto$blifparse.cc:492:parse_blif$25207_LC.O
Info:  0.6  7.6    Net $abc$21969$new_n5460_ budget 0.000000 ns (17,4) -> (16,5)
Info:                Sink $abc$21969$auto$blifparse.cc:492:parse_blif$25208_LC.I2
Info:  0.4  8.0  Source $abc$21969$auto$blifparse.cc:492:parse_blif$25208_LC.O
Info:  0.6  8.6    Net $abc$21969$new_n5461_ budget 0.000000 ns (16,5) -> (16,5)
Info:                Sink $abc$21969$auto$blifparse.cc:492:parse_blif$23915_LC.I0
Info:  0.4  9.0  Source $abc$21969$auto$blifparse.cc:492:parse_blif$23915_LC.O
Info:  2.0 11.0    Net rs1_value[6] budget 0.000000 ns (16,5) -> (10,12)
Info:                Sink $abc$21969$auto$blifparse.cc:492:parse_blif$24876_LC.I0
Info:                Defined in:
Info:                  nerv.sv:87
Info:  0.4 11.4  Source $abc$21969$auto$blifparse.cc:492:parse_blif$24876_LC.O
Info:  1.2 12.6    Net $abc$21969$auto$alumacc.cc:474:replace_alu$752.BB[6] budget 0.000000 ns (10,12) -> (7,12)
Info:                Sink $auto$alumacc.cc:474:replace_alu$803.slice[6].carry$CARRY.I2
Info:                Defined in:
Info:                  nerv.sv:284
Info:                  /usr/bin/../share/yosys/ice40/arith_map.v:42
Info:  0.2 12.9  Source $auto$alumacc.cc:474:replace_alu$803.slice[6].carry$CARRY.COUT
Info:  0.0 12.9    Net $auto$alumacc.cc:474:replace_alu$803.C[7] budget 0.000000 ns (7,12) -> (7,12)
Info:                Sink $auto$alumacc.cc:474:replace_alu$803.slice[7].carry$CARRY.CIN
Info:                Defined in:
Info:                  nerv.sv:230
Info:                  /usr/bin/../share/yosys/ice40/arith_map.v:43
Info:  0.1 13.0  Source $auto$alumacc.cc:474:replace_alu$803.slice[7].carry$CARRY.COUT
Info:  0.2 13.2    Net $auto$alumacc.cc:474:replace_alu$803.C[8] budget 0.190000 ns (7,12) -> (7,13)
Info:                Sink $auto$alumacc.cc:474:replace_alu$803.slice[8].carry$CARRY.CIN
Info:                Defined in:
Info:                  nerv.sv:230
Info:                  /usr/bin/../share/yosys/ice40/arith_map.v:43
Info:  0.1 13.3  Source $auto$alumacc.cc:474:replace_alu$803.slice[8].carry$CARRY.COUT
Info:  0.0 13.3    Net $auto$alumacc.cc:474:replace_alu$803.C[9] budget 0.000000 ns (7,13) -> (7,13)
Info:                Sink $auto$alumacc.cc:474:replace_alu$803.slice[9].carry$CARRY.CIN
Info:                Defined in:
Info:                  nerv.sv:230
Info:                  /usr/bin/../share/yosys/ice40/arith_map.v:43
Info:  0.1 13.4  Source $auto$alumacc.cc:474:replace_alu$803.slice[9].carry$CARRY.COUT
Info:  0.0 13.4    Net $auto$alumacc.cc:474:replace_alu$803.C[10] budget 0.000000 ns (7,13) -> (7,13)
Info:                Sink $auto$alumacc.cc:474:replace_alu$803.slice[10].carry$CARRY.CIN
Info:                Defined in:
Info:                  nerv.sv:230
Info:                  /usr/bin/../share/yosys/ice40/arith_map.v:43
Info:  0.1 13.6  Source $auto$alumacc.cc:474:replace_alu$803.slice[10].carry$CARRY.COUT
Info:  0.0 13.6    Net $auto$alumacc.cc:474:replace_alu$803.C[11] budget 0.000000 ns (7,13) -> (7,13)
Info:                Sink $auto$alumacc.cc:474:replace_alu$803.slice[11].carry$CARRY.CIN
Info:                Defined in:
Info:                  nerv.sv:230
Info:                  /usr/bin/../share/yosys/ice40/arith_map.v:43
Info:  0.1 13.7  Source $auto$alumacc.cc:474:replace_alu$803.slice[11].carry$CARRY.COUT
Info:  0.0 13.7    Net $auto$alumacc.cc:474:replace_alu$803.C[12] budget 0.000000 ns (7,13) -> (7,13)
Info:                Sink $auto$alumacc.cc:474:replace_alu$803.slice[12].carry$CARRY.CIN
Info:                Defined in:
Info:                  nerv.sv:230
Info:                  /usr/bin/../share/yosys/ice40/arith_map.v:43
Info:  0.1 13.8  Source $auto$alumacc.cc:474:replace_alu$803.slice[12].carry$CARRY.COUT
Info:  0.0 13.8    Net $auto$alumacc.cc:474:replace_alu$803.C[13] budget 0.000000 ns (7,13) -> (7,13)
Info:                Sink $auto$alumacc.cc:474:replace_alu$803.slice[13].carry$CARRY.CIN
Info:                Defined in:
Info:                  nerv.sv:230
Info:                  /usr/bin/../share/yosys/ice40/arith_map.v:43
Info:  0.1 13.9  Source $auto$alumacc.cc:474:replace_alu$803.slice[13].carry$CARRY.COUT
Info:  0.0 13.9    Net $auto$alumacc.cc:474:replace_alu$803.C[14] budget 0.000000 ns (7,13) -> (7,13)
Info:                Sink $auto$alumacc.cc:474:replace_alu$803.slice[14].carry$CARRY.CIN
Info:                Defined in:
Info:                  nerv.sv:230
Info:                  /usr/bin/../share/yosys/ice40/arith_map.v:43
Info:  0.1 14.1  Source $auto$alumacc.cc:474:replace_alu$803.slice[14].carry$CARRY.COUT
Info:  0.0 14.1    Net $auto$alumacc.cc:474:replace_alu$803.C[15] budget 0.000000 ns (7,13) -> (7,13)
Info:                Sink $auto$alumacc.cc:474:replace_alu$803.slice[15].carry$CARRY.CIN
Info:                Defined in:
Info:                  nerv.sv:230
Info:                  /usr/bin/../share/yosys/ice40/arith_map.v:43
Info:  0.1 14.2  Source $auto$alumacc.cc:474:replace_alu$803.slice[15].carry$CARRY.COUT
Info:  0.2 14.4    Net $auto$alumacc.cc:474:replace_alu$803.C[16] budget 0.190000 ns (7,13) -> (7,14)
Info:                Sink $auto$alumacc.cc:474:replace_alu$803.slice[16].carry$CARRY.CIN
Info:                Defined in:
Info:                  nerv.sv:230
Info:                  /usr/bin/../share/yosys/ice40/arith_map.v:43
Info:  0.1 14.5  Source $auto$alumacc.cc:474:replace_alu$803.slice[16].carry$CARRY.COUT
Info:  0.0 14.5    Net $auto$alumacc.cc:474:replace_alu$803.C[17] budget 0.000000 ns (7,14) -> (7,14)
Info:                Sink $auto$alumacc.cc:474:replace_alu$803.slice[17].carry$CARRY.CIN
Info:                Defined in:
Info:                  nerv.sv:230
Info:                  /usr/bin/../share/yosys/ice40/arith_map.v:43
Info:  0.1 14.6  Source $auto$alumacc.cc:474:replace_alu$803.slice[17].carry$CARRY.COUT
Info:  0.0 14.6    Net $auto$alumacc.cc:474:replace_alu$803.C[18] budget 0.000000 ns (7,14) -> (7,14)
Info:                Sink $auto$alumacc.cc:474:replace_alu$803.slice[18].carry$CARRY.CIN
Info:                Defined in:
Info:                  nerv.sv:230
Info:                  /usr/bin/../share/yosys/ice40/arith_map.v:43
Info:  0.1 14.8  Source $auto$alumacc.cc:474:replace_alu$803.slice[18].carry$CARRY.COUT
Info:  0.0 14.8    Net $auto$alumacc.cc:474:replace_alu$803.C[19] budget 0.000000 ns (7,14) -> (7,14)
Info:                Sink $auto$alumacc.cc:474:replace_alu$803.slice[19].carry$CARRY.CIN
Info:                Defined in:
Info:                  nerv.sv:230
Info:                  /usr/bin/../share/yosys/ice40/arith_map.v:43
Info:  0.1 14.9  Source $auto$alumacc.cc:474:replace_alu$803.slice[19].carry$CARRY.COUT
Info:  0.0 14.9    Net $auto$alumacc.cc:474:replace_alu$803.C[20] budget 0.000000 ns (7,14) -> (7,14)
Info:                Sink $auto$alumacc.cc:474:replace_alu$803.slice[20].carry$CARRY.CIN
Info:                Defined in:
Info:                  nerv.sv:230
Info:                  /usr/bin/../share/yosys/ice40/arith_map.v:43
Info:  0.1 15.0  Source $auto$alumacc.cc:474:replace_alu$803.slice[20].carry$CARRY.COUT
Info:  0.0 15.0    Net $auto$alumacc.cc:474:replace_alu$803.C[21] budget 0.000000 ns (7,14) -> (7,14)
Info:                Sink $auto$alumacc.cc:474:replace_alu$803.slice[21].carry$CARRY.CIN
Info:                Defined in:
Info:                  nerv.sv:230
Info:                  /usr/bin/../share/yosys/ice40/arith_map.v:43
Info:  0.1 15.2  Source $auto$alumacc.cc:474:replace_alu$803.slice[21].carry$CARRY.COUT
Info:  0.0 15.2    Net $auto$alumacc.cc:474:replace_alu$803.C[22] budget 0.000000 ns (7,14) -> (7,14)
Info:                Sink $auto$alumacc.cc:474:replace_alu$803.slice[22].carry$CARRY.CIN
Info:                Defined in:
Info:                  nerv.sv:230
Info:                  /usr/bin/../share/yosys/ice40/arith_map.v:43
Info:  0.1 15.3  Source $auto$alumacc.cc:474:replace_alu$803.slice[22].carry$CARRY.COUT
Info:  0.0 15.3    Net $auto$alumacc.cc:474:replace_alu$803.C[23] budget 0.000000 ns (7,14) -> (7,14)
Info:                Sink $auto$alumacc.cc:474:replace_alu$803.slice[23].carry$CARRY.CIN
Info:                Defined in:
Info:                  nerv.sv:230
Info:                  /usr/bin/../share/yosys/ice40/arith_map.v:43
Info:  0.1 15.4  Source $auto$alumacc.cc:474:replace_alu$803.slice[23].carry$CARRY.COUT
Info:  0.2 15.6    Net $auto$alumacc.cc:474:replace_alu$803.C[24] budget 0.190000 ns (7,14) -> (7,15)
Info:                Sink $auto$alumacc.cc:474:replace_alu$803.slice[24].carry$CARRY.CIN
Info:                Defined in:
Info:                  nerv.sv:230
Info:                  /usr/bin/../share/yosys/ice40/arith_map.v:43
Info:  0.1 15.7  Source $auto$alumacc.cc:474:replace_alu$803.slice[24].carry$CARRY.COUT
Info:  0.0 15.7    Net $auto$alumacc.cc:474:replace_alu$803.C[25] budget 0.000000 ns (7,15) -> (7,15)
Info:                Sink $auto$alumacc.cc:474:replace_alu$803.slice[25].carry$CARRY.CIN
Info:                Defined in:
Info:                  nerv.sv:230
Info:                  /usr/bin/../share/yosys/ice40/arith_map.v:43
Info:  0.1 15.9  Source $auto$alumacc.cc:474:replace_alu$803.slice[25].carry$CARRY.COUT
Info:  0.0 15.9    Net $auto$alumacc.cc:474:replace_alu$803.C[26] budget 0.000000 ns (7,15) -> (7,15)
Info:                Sink $auto$alumacc.cc:474:replace_alu$803.slice[26].carry$CARRY.CIN
Info:                Defined in:
Info:                  nerv.sv:230
Info:                  /usr/bin/../share/yosys/ice40/arith_map.v:43
Info:  0.1 16.0  Source $auto$alumacc.cc:474:replace_alu$803.slice[26].carry$CARRY.COUT
Info:  0.0 16.0    Net $auto$alumacc.cc:474:replace_alu$803.C[27] budget 0.000000 ns (7,15) -> (7,15)
Info:                Sink $auto$alumacc.cc:474:replace_alu$803.slice[27].carry$CARRY.CIN
Info:                Defined in:
Info:                  nerv.sv:230
Info:                  /usr/bin/../share/yosys/ice40/arith_map.v:43
Info:  0.1 16.1  Source $auto$alumacc.cc:474:replace_alu$803.slice[27].carry$CARRY.COUT
Info:  0.0 16.1    Net $auto$alumacc.cc:474:replace_alu$803.C[28] budget 0.000000 ns (7,15) -> (7,15)
Info:                Sink $auto$alumacc.cc:474:replace_alu$803.slice[28].carry$CARRY.CIN
Info:                Defined in:
Info:                  nerv.sv:230
Info:                  /usr/bin/../share/yosys/ice40/arith_map.v:43
Info:  0.1 16.2  Source $auto$alumacc.cc:474:replace_alu$803.slice[28].carry$CARRY.COUT
Info:  0.0 16.2    Net $auto$alumacc.cc:474:replace_alu$803.C[29] budget 0.000000 ns (7,15) -> (7,15)
Info:                Sink $auto$alumacc.cc:474:replace_alu$803.slice[29].carry$CARRY.CIN
Info:                Defined in:
Info:                  nerv.sv:230
Info:                  /usr/bin/../share/yosys/ice40/arith_map.v:43
Info:  0.1 16.4  Source $auto$alumacc.cc:474:replace_alu$803.slice[29].carry$CARRY.COUT
Info:  0.0 16.4    Net $auto$alumacc.cc:474:replace_alu$803.C[30] budget 0.000000 ns (7,15) -> (7,15)
Info:                Sink $auto$alumacc.cc:474:replace_alu$803.slice[30].carry$CARRY.CIN
Info:                Defined in:
Info:                  nerv.sv:230
Info:                  /usr/bin/../share/yosys/ice40/arith_map.v:43
Info:  0.1 16.5  Source $auto$alumacc.cc:474:replace_alu$803.slice[30].carry$CARRY.COUT
Info:  0.3 16.7    Net $nextpnr_ICESTORM_LC_2$I3 budget 0.260000 ns (7,15) -> (7,15)
Info:                Sink $nextpnr_ICESTORM_LC_2.I3
Info:  0.3 17.1  Source $nextpnr_ICESTORM_LC_2.O
Info:  1.1 18.2    Net $auto$alumacc.cc:474:replace_alu$803.C[31] budget 36.372002 ns (7,15) -> (7,19)
Info:                Sink $abc$21969$auto$blifparse.cc:492:parse_blif$23646_LC.I1
Info:                Defined in:
Info:                  nerv.sv:230
Info:                  /usr/bin/../share/yosys/ice40/arith_map.v:43
Info:  0.4 18.6  Source $abc$21969$auto$blifparse.cc:492:parse_blif$23646_LC.O
Info:  1.0 19.5    Net $abc$21969$auto$rtlil.cc:1864:Xor$809_new_ budget 5.209000 ns (7,19) -> (7,18)
Info:                Sink $abc$21969$auto$blifparse.cc:492:parse_blif$21977_LC.I2
Info:  0.4 19.9  Source $abc$21969$auto$blifparse.cc:492:parse_blif$21977_LC.O
Info:  0.6 20.5    Net $abc$21969$new_n1764_ budget 5.209000 ns (7,18) -> (7,17)
Info:                Sink $abc$21969$auto$blifparse.cc:492:parse_blif$21976_LC.I0
Info:  0.4 21.0  Source $abc$21969$auto$blifparse.cc:492:parse_blif$21976_LC.O
Info:  2.4 23.3    Net $abc$21969$new_n1763_ budget 5.210000 ns (7,17) -> (9,7)
Info:                Sink $abc$21969$auto$blifparse.cc:492:parse_blif$23828_LC.I1
Info:  0.4 23.7  Source $abc$21969$auto$blifparse.cc:492:parse_blif$23828_LC.O
Info:  1.7 25.4    Net $abc$21969$new_n3766_ budget 5.210000 ns (9,7) -> (9,17)
Info:                Sink $abc$21969$auto$blifparse.cc:492:parse_blif$25044_LC.I1
Info:  0.4 25.8  Source $abc$21969$auto$blifparse.cc:492:parse_blif$25044_LC.O
Info:  0.6 26.4    Net $abc$21969$12\npc[31:0][21]_new_ budget 5.210000 ns (9,17) -> (9,17)
Info:                Sink $abc$21969$auto$blifparse.cc:492:parse_blif$25045_LC.I1
Info:                Defined in:
Info:                  nerv.sv:168
Info:  0.4 26.8  Source $abc$21969$auto$blifparse.cc:492:parse_blif$25045_LC.O
Info:  0.6 27.4    Net $abc$21969$npc[21]_new_ budget 5.209000 ns (9,17) -> (9,17)
Info:                Sink $abc$21969$auto$blifparse.cc:492:parse_blif$23852_LC.I1
Info:                Defined in:
Info:                  nerv.sv:73
Info:  0.4 27.8  Source $abc$21969$auto$blifparse.cc:492:parse_blif$23852_LC.O
Info:  2.5 30.3    Net imem_addr[21]$SB_IO_OUT budget 5.243000 ns (9,17) -> (33,17)
Info:                Sink imem_addr[21]$sb_io.D_OUT_0
Info:                Defined in:
Info:                  nerv.sv:30
Info: 8.8 ns logic, 21.5 ns routing

Info: Critical path report for cross-domain path '<async>' -> 'posedge clock$SB_IO_IN_$glb_clk':
Info: curr total
Info:  0.0  0.0  Source imem_data[15]$sb_io.D_IN_0
Info:  2.2  2.2    Net imem_data[15]$SB_IO_IN budget 0.000000 ns (0,23) -> (22,21)
Info:                Sink $abc$21969$auto$blifparse.cc:492:parse_blif$22039_LC.I0
Info:                Defined in:
Info:                  nerv.sv:93
Info:  0.4  2.7  Source $abc$21969$auto$blifparse.cc:492:parse_blif$22039_LC.O
Info:  2.8  5.4    Net $abc$21969$new_n1826_ budget 0.000000 ns (22,21) -> (18,4)
Info:                Sink $abc$21969$auto$blifparse.cc:492:parse_blif$22811_LC.I3
Info:  0.3  5.7  Source $abc$21969$auto$blifparse.cc:492:parse_blif$22811_LC.O
Info:  0.9  6.6    Net $abc$21969$new_n2656_ budget 0.000000 ns (18,4) -> (17,4)
Info:                Sink $abc$21969$auto$blifparse.cc:492:parse_blif$25207_LC.I2
Info:  0.4  7.0  Source $abc$21969$auto$blifparse.cc:492:parse_blif$25207_LC.O
Info:  0.6  7.6    Net $abc$21969$new_n5460_ budget 0.000000 ns (17,4) -> (16,5)
Info:                Sink $abc$21969$auto$blifparse.cc:492:parse_blif$25208_LC.I2
Info:  0.4  8.0  Source $abc$21969$auto$blifparse.cc:492:parse_blif$25208_LC.O
Info:  0.6  8.6    Net $abc$21969$new_n5461_ budget 0.000000 ns (16,5) -> (16,5)
Info:                Sink $abc$21969$auto$blifparse.cc:492:parse_blif$23915_LC.I0
Info:  0.4  9.0  Source $abc$21969$auto$blifparse.cc:492:parse_blif$23915_LC.O
Info:  2.0 11.0    Net rs1_value[6] budget 0.000000 ns (16,5) -> (10,12)
Info:                Sink $abc$21969$auto$blifparse.cc:492:parse_blif$24876_LC.I0
Info:                Defined in:
Info:                  nerv.sv:87
Info:  0.4 11.4  Source $abc$21969$auto$blifparse.cc:492:parse_blif$24876_LC.O
Info:  1.2 12.6    Net $abc$21969$auto$alumacc.cc:474:replace_alu$752.BB[6] budget 0.000000 ns (10,12) -> (7,12)
Info:                Sink $auto$alumacc.cc:474:replace_alu$803.slice[6].carry$CARRY.I2
Info:                Defined in:
Info:                  nerv.sv:284
Info:                  /usr/bin/../share/yosys/ice40/arith_map.v:42
Info:  0.2 12.9  Source $auto$alumacc.cc:474:replace_alu$803.slice[6].carry$CARRY.COUT
Info:  0.0 12.9    Net $auto$alumacc.cc:474:replace_alu$803.C[7] budget 0.000000 ns (7,12) -> (7,12)
Info:                Sink $auto$alumacc.cc:474:replace_alu$803.slice[7].carry$CARRY.CIN
Info:                Defined in:
Info:                  nerv.sv:230
Info:                  /usr/bin/../share/yosys/ice40/arith_map.v:43
Info:  0.1 13.0  Source $auto$alumacc.cc:474:replace_alu$803.slice[7].carry$CARRY.COUT
Info:  0.2 13.2    Net $auto$alumacc.cc:474:replace_alu$803.C[8] budget 0.190000 ns (7,12) -> (7,13)
Info:                Sink $auto$alumacc.cc:474:replace_alu$803.slice[8].carry$CARRY.CIN
Info:                Defined in:
Info:                  nerv.sv:230
Info:                  /usr/bin/../share/yosys/ice40/arith_map.v:43
Info:  0.1 13.3  Source $auto$alumacc.cc:474:replace_alu$803.slice[8].carry$CARRY.COUT
Info:  0.0 13.3    Net $auto$alumacc.cc:474:replace_alu$803.C[9] budget 0.000000 ns (7,13) -> (7,13)
Info:                Sink $auto$alumacc.cc:474:replace_alu$803.slice[9].carry$CARRY.CIN
Info:                Defined in:
Info:                  nerv.sv:230
Info:                  /usr/bin/../share/yosys/ice40/arith_map.v:43
Info:  0.1 13.4  Source $auto$alumacc.cc:474:replace_alu$803.slice[9].carry$CARRY.COUT
Info:  0.0 13.4    Net $auto$alumacc.cc:474:replace_alu$803.C[10] budget 0.000000 ns (7,13) -> (7,13)
Info:                Sink $auto$alumacc.cc:474:replace_alu$803.slice[10].carry$CARRY.CIN
Info:                Defined in:
Info:                  nerv.sv:230
Info:                  /usr/bin/../share/yosys/ice40/arith_map.v:43
Info:  0.1 13.6  Source $auto$alumacc.cc:474:replace_alu$803.slice[10].carry$CARRY.COUT
Info:  0.0 13.6    Net $auto$alumacc.cc:474:replace_alu$803.C[11] budget 0.000000 ns (7,13) -> (7,13)
Info:                Sink $auto$alumacc.cc:474:replace_alu$803.slice[11].carry$CARRY.CIN
Info:                Defined in:
Info:                  nerv.sv:230
Info:                  /usr/bin/../share/yosys/ice40/arith_map.v:43
Info:  0.1 13.7  Source $auto$alumacc.cc:474:replace_alu$803.slice[11].carry$CARRY.COUT
Info:  0.0 13.7    Net $auto$alumacc.cc:474:replace_alu$803.C[12] budget 0.000000 ns (7,13) -> (7,13)
Info:                Sink $auto$alumacc.cc:474:replace_alu$803.slice[12].carry$CARRY.CIN
Info:                Defined in:
Info:                  nerv.sv:230
Info:                  /usr/bin/../share/yosys/ice40/arith_map.v:43
Info:  0.1 13.8  Source $auto$alumacc.cc:474:replace_alu$803.slice[12].carry$CARRY.COUT
Info:  0.0 13.8    Net $auto$alumacc.cc:474:replace_alu$803.C[13] budget 0.000000 ns (7,13) -> (7,13)
Info:                Sink $auto$alumacc.cc:474:replace_alu$803.slice[13].carry$CARRY.CIN
Info:                Defined in:
Info:                  nerv.sv:230
Info:                  /usr/bin/../share/yosys/ice40/arith_map.v:43
Info:  0.1 13.9  Source $auto$alumacc.cc:474:replace_alu$803.slice[13].carry$CARRY.COUT
Info:  0.0 13.9    Net $auto$alumacc.cc:474:replace_alu$803.C[14] budget 0.000000 ns (7,13) -> (7,13)
Info:                Sink $auto$alumacc.cc:474:replace_alu$803.slice[14].carry$CARRY.CIN
Info:                Defined in:
Info:                  nerv.sv:230
Info:                  /usr/bin/../share/yosys/ice40/arith_map.v:43
Info:  0.1 14.1  Source $auto$alumacc.cc:474:replace_alu$803.slice[14].carry$CARRY.COUT
Info:  0.0 14.1    Net $auto$alumacc.cc:474:replace_alu$803.C[15] budget 0.000000 ns (7,13) -> (7,13)
Info:                Sink $auto$alumacc.cc:474:replace_alu$803.slice[15].carry$CARRY.CIN
Info:                Defined in:
Info:                  nerv.sv:230
Info:                  /usr/bin/../share/yosys/ice40/arith_map.v:43
Info:  0.1 14.2  Source $auto$alumacc.cc:474:replace_alu$803.slice[15].carry$CARRY.COUT
Info:  0.2 14.4    Net $auto$alumacc.cc:474:replace_alu$803.C[16] budget 0.190000 ns (7,13) -> (7,14)
Info:                Sink $auto$alumacc.cc:474:replace_alu$803.slice[16].carry$CARRY.CIN
Info:                Defined in:
Info:                  nerv.sv:230
Info:                  /usr/bin/../share/yosys/ice40/arith_map.v:43
Info:  0.1 14.5  Source $auto$alumacc.cc:474:replace_alu$803.slice[16].carry$CARRY.COUT
Info:  0.0 14.5    Net $auto$alumacc.cc:474:replace_alu$803.C[17] budget 0.000000 ns (7,14) -> (7,14)
Info:                Sink $auto$alumacc.cc:474:replace_alu$803.slice[17].carry$CARRY.CIN
Info:                Defined in:
Info:                  nerv.sv:230
Info:                  /usr/bin/../share/yosys/ice40/arith_map.v:43
Info:  0.1 14.6  Source $auto$alumacc.cc:474:replace_alu$803.slice[17].carry$CARRY.COUT
Info:  0.0 14.6    Net $auto$alumacc.cc:474:replace_alu$803.C[18] budget 0.000000 ns (7,14) -> (7,14)
Info:                Sink $auto$alumacc.cc:474:replace_alu$803.slice[18].carry$CARRY.CIN
Info:                Defined in:
Info:                  nerv.sv:230
Info:                  /usr/bin/../share/yosys/ice40/arith_map.v:43
Info:  0.1 14.8  Source $auto$alumacc.cc:474:replace_alu$803.slice[18].carry$CARRY.COUT
Info:  0.0 14.8    Net $auto$alumacc.cc:474:replace_alu$803.C[19] budget 0.000000 ns (7,14) -> (7,14)
Info:                Sink $auto$alumacc.cc:474:replace_alu$803.slice[19].carry$CARRY.CIN
Info:                Defined in:
Info:                  nerv.sv:230
Info:                  /usr/bin/../share/yosys/ice40/arith_map.v:43
Info:  0.1 14.9  Source $auto$alumacc.cc:474:replace_alu$803.slice[19].carry$CARRY.COUT
Info:  0.0 14.9    Net $auto$alumacc.cc:474:replace_alu$803.C[20] budget 0.000000 ns (7,14) -> (7,14)
Info:                Sink $auto$alumacc.cc:474:replace_alu$803.slice[20].carry$CARRY.CIN
Info:                Defined in:
Info:                  nerv.sv:230
Info:                  /usr/bin/../share/yosys/ice40/arith_map.v:43
Info:  0.1 15.0  Source $auto$alumacc.cc:474:replace_alu$803.slice[20].carry$CARRY.COUT
Info:  0.0 15.0    Net $auto$alumacc.cc:474:replace_alu$803.C[21] budget 0.000000 ns (7,14) -> (7,14)
Info:                Sink $auto$alumacc.cc:474:replace_alu$803.slice[21].carry$CARRY.CIN
Info:                Defined in:
Info:                  nerv.sv:230
Info:                  /usr/bin/../share/yosys/ice40/arith_map.v:43
Info:  0.1 15.2  Source $auto$alumacc.cc:474:replace_alu$803.slice[21].carry$CARRY.COUT
Info:  0.0 15.2    Net $auto$alumacc.cc:474:replace_alu$803.C[22] budget 0.000000 ns (7,14) -> (7,14)
Info:                Sink $auto$alumacc.cc:474:replace_alu$803.slice[22].carry$CARRY.CIN
Info:                Defined in:
Info:                  nerv.sv:230
Info:                  /usr/bin/../share/yosys/ice40/arith_map.v:43
Info:  0.1 15.3  Source $auto$alumacc.cc:474:replace_alu$803.slice[22].carry$CARRY.COUT
Info:  0.0 15.3    Net $auto$alumacc.cc:474:replace_alu$803.C[23] budget 0.000000 ns (7,14) -> (7,14)
Info:                Sink $auto$alumacc.cc:474:replace_alu$803.slice[23].carry$CARRY.CIN
Info:                Defined in:
Info:                  nerv.sv:230
Info:                  /usr/bin/../share/yosys/ice40/arith_map.v:43
Info:  0.1 15.4  Source $auto$alumacc.cc:474:replace_alu$803.slice[23].carry$CARRY.COUT
Info:  0.2 15.6    Net $auto$alumacc.cc:474:replace_alu$803.C[24] budget 0.190000 ns (7,14) -> (7,15)
Info:                Sink $auto$alumacc.cc:474:replace_alu$803.slice[24].carry$CARRY.CIN
Info:                Defined in:
Info:                  nerv.sv:230
Info:                  /usr/bin/../share/yosys/ice40/arith_map.v:43
Info:  0.1 15.7  Source $auto$alumacc.cc:474:replace_alu$803.slice[24].carry$CARRY.COUT
Info:  0.0 15.7    Net $auto$alumacc.cc:474:replace_alu$803.C[25] budget 0.000000 ns (7,15) -> (7,15)
Info:                Sink $auto$alumacc.cc:474:replace_alu$803.slice[25].carry$CARRY.CIN
Info:                Defined in:
Info:                  nerv.sv:230
Info:                  /usr/bin/../share/yosys/ice40/arith_map.v:43
Info:  0.1 15.9  Source $auto$alumacc.cc:474:replace_alu$803.slice[25].carry$CARRY.COUT
Info:  0.0 15.9    Net $auto$alumacc.cc:474:replace_alu$803.C[26] budget 0.000000 ns (7,15) -> (7,15)
Info:                Sink $auto$alumacc.cc:474:replace_alu$803.slice[26].carry$CARRY.CIN
Info:                Defined in:
Info:                  nerv.sv:230
Info:                  /usr/bin/../share/yosys/ice40/arith_map.v:43
Info:  0.1 16.0  Source $auto$alumacc.cc:474:replace_alu$803.slice[26].carry$CARRY.COUT
Info:  0.0 16.0    Net $auto$alumacc.cc:474:replace_alu$803.C[27] budget 0.000000 ns (7,15) -> (7,15)
Info:                Sink $auto$alumacc.cc:474:replace_alu$803.slice[27].carry$CARRY.CIN
Info:                Defined in:
Info:                  nerv.sv:230
Info:                  /usr/bin/../share/yosys/ice40/arith_map.v:43
Info:  0.1 16.1  Source $auto$alumacc.cc:474:replace_alu$803.slice[27].carry$CARRY.COUT
Info:  0.0 16.1    Net $auto$alumacc.cc:474:replace_alu$803.C[28] budget 0.000000 ns (7,15) -> (7,15)
Info:                Sink $auto$alumacc.cc:474:replace_alu$803.slice[28].carry$CARRY.CIN
Info:                Defined in:
Info:                  nerv.sv:230
Info:                  /usr/bin/../share/yosys/ice40/arith_map.v:43
Info:  0.1 16.2  Source $auto$alumacc.cc:474:replace_alu$803.slice[28].carry$CARRY.COUT
Info:  0.0 16.2    Net $auto$alumacc.cc:474:replace_alu$803.C[29] budget 0.000000 ns (7,15) -> (7,15)
Info:                Sink $auto$alumacc.cc:474:replace_alu$803.slice[29].carry$CARRY.CIN
Info:                Defined in:
Info:                  nerv.sv:230
Info:                  /usr/bin/../share/yosys/ice40/arith_map.v:43
Info:  0.1 16.4  Source $auto$alumacc.cc:474:replace_alu$803.slice[29].carry$CARRY.COUT
Info:  0.0 16.4    Net $auto$alumacc.cc:474:replace_alu$803.C[30] budget 0.000000 ns (7,15) -> (7,15)
Info:                Sink $auto$alumacc.cc:474:replace_alu$803.slice[30].carry$CARRY.CIN
Info:                Defined in:
Info:                  nerv.sv:230
Info:                  /usr/bin/../share/yosys/ice40/arith_map.v:43
Info:  0.1 16.5  Source $auto$alumacc.cc:474:replace_alu$803.slice[30].carry$CARRY.COUT
Info:  0.3 16.7    Net $nextpnr_ICESTORM_LC_2$I3 budget 0.260000 ns (7,15) -> (7,15)
Info:                Sink $nextpnr_ICESTORM_LC_2.I3
Info:  0.3 17.1  Source $nextpnr_ICESTORM_LC_2.O
Info:  1.1 18.2    Net $auto$alumacc.cc:474:replace_alu$803.C[31] budget 36.372002 ns (7,15) -> (7,19)
Info:                Sink $abc$21969$auto$blifparse.cc:492:parse_blif$23646_LC.I1
Info:                Defined in:
Info:                  nerv.sv:230
Info:                  /usr/bin/../share/yosys/ice40/arith_map.v:43
Info:  0.4 18.6  Source $abc$21969$auto$blifparse.cc:492:parse_blif$23646_LC.O
Info:  0.6 19.2    Net $abc$21969$auto$rtlil.cc:1864:Xor$809_new_ budget 5.196000 ns (7,19) -> (6,20)
Info:                Sink $abc$21969$auto$blifparse.cc:492:parse_blif$23662_LC.I2
Info:  0.4 19.5  Source $abc$21969$auto$blifparse.cc:492:parse_blif$23662_LC.O
Info:  0.6 20.1    Net $abc$21969$new_n3558_ budget 5.196000 ns (6,20) -> (6,20)
Info:                Sink $abc$21969$auto$blifparse.cc:492:parse_blif$23661_LC.I3
Info:  0.3 20.5  Source $abc$21969$auto$blifparse.cc:492:parse_blif$23661_LC.O
Info:  1.6 22.0    Net $abc$21969$new_n3557_ budget 5.196000 ns (6,20) -> (9,18)
Info:                Sink $abc$21969$auto$blifparse.cc:492:parse_blif$23657_LC.I1
Info:  0.4 22.4  Source $abc$21969$auto$blifparse.cc:492:parse_blif$23657_LC.O
Info:  2.4 24.9    Net $abc$21969$new_n3553_ budget 5.225000 ns (9,18) -> (7,2)
Info:                Sink $abc$21969$auto$blifparse.cc:492:parse_blif$21974_LC.I1
Info:  0.4 25.3  Source $abc$21969$auto$blifparse.cc:492:parse_blif$21974_LC.O
Info:  0.6 25.9    Net $abc$21969$6\illinsn[0:0]_new_inv_ budget 5.225000 ns (7,2) -> (7,2)
Info:                Sink $abc$21969$auto$blifparse.cc:492:parse_blif$21973_LC.I0
Info:                Defined in:
Info:                  nerv.sv:168
Info:  0.4 26.3  Source $abc$21969$auto$blifparse.cc:492:parse_blif$21973_LC.O
Info:  0.6 26.9    Net $abc$21969$procmux$587.B_AND_S[4]_new_ budget 5.225000 ns (7,2) -> (7,2)
Info:                Sink $abc$21969$auto$blifparse.cc:492:parse_blif$21972_LC.I0
Info:                Defined in:
Info:                  nerv.sv:295
Info:                  nerv.sv:188
Info:                  /usr/bin/../share/yosys/techmap.v:432
Info:  0.4 27.3  Source $abc$21969$auto$blifparse.cc:492:parse_blif$21972_LC.O
Info:  1.6 29.0    Net $abc$21969$auto$dff2dffe.cc:175:make_patterns_logic$20851 budget 5.225000 ns (7,2) -> (7,1)
Info:                Sink $auto$simplemap.cc:420:simplemap_dff$9140_DFFLC.CEN
Info:  0.1 29.1  Setup $auto$simplemap.cc:420:simplemap_dff$9140_DFFLC.CEN
Info: 8.9 ns logic, 20.2 ns routing

Info: Critical path report for cross-domain path 'posedge clock$SB_IO_IN_$glb_clk' -> '<async>':
Info: curr total
Info:  0.5  0.5  Source $auto$simplemap.cc:420:simplemap_dff$2039_DFFLC.O
Info:  1.9  2.4    Net regfile[10][0] budget 0.000000 ns (22,20) -> (20,18)
Info:                Sink $abc$21969$auto$blifparse.cc:492:parse_blif$22865_LC.I0
Info:  0.4  2.8  Source $abc$21969$auto$blifparse.cc:492:parse_blif$22865_LC.O
Info:  0.6  3.4    Net $abc$21969$new_n2710_ budget 0.000000 ns (20,18) -> (19,17)
Info:                Sink $abc$21969$auto$blifparse.cc:492:parse_blif$22864_LC.I1
Info:  0.4  3.8  Source $abc$21969$auto$blifparse.cc:492:parse_blif$22864_LC.O
Info:  0.6  4.4    Net $abc$21969$new_n2709_ budget 0.000000 ns (19,17) -> (19,17)
Info:                Sink $abc$21969$auto$blifparse.cc:492:parse_blif$22857_LC.I1
Info:  0.4  4.8  Source $abc$21969$auto$blifparse.cc:492:parse_blif$22857_LC.O
Info:  0.6  5.4    Net $abc$21969$memory\regfile$rdmux[0][0][0]$a$921[0]_new_inv_ budget 0.000000 ns (19,17) -> (18,18)
Info:                Sink $abc$21969$auto$blifparse.cc:492:parse_blif$22843_LC.I0
Info:  0.4  5.9  Source $abc$21969$auto$blifparse.cc:492:parse_blif$22843_LC.O
Info:  2.6  8.5    Net rs1_value[0] budget 0.000000 ns (18,18) -> (6,11)
Info:                Sink $abc$21969$auto$blifparse.cc:492:parse_blif$24870_LC.I0
Info:                Defined in:
Info:                  nerv.sv:87
Info:  0.4  9.0  Source $abc$21969$auto$blifparse.cc:492:parse_blif$24870_LC.O
Info:  0.6  9.5    Net $abc$21969$auto$alumacc.cc:474:replace_alu$752.BB[0] budget 0.000000 ns (6,11) -> (7,12)
Info:                Sink $auto$alumacc.cc:474:replace_alu$803.slice[0].carry$CARRY.I2
Info:                Defined in:
Info:                  nerv.sv:284
Info:                  /usr/bin/../share/yosys/ice40/arith_map.v:42
Info:  0.2  9.8  Source $auto$alumacc.cc:474:replace_alu$803.slice[0].carry$CARRY.COUT
Info:  0.0  9.8    Net $auto$alumacc.cc:474:replace_alu$803.C[1] budget 0.000000 ns (7,12) -> (7,12)
Info:                Sink $auto$alumacc.cc:474:replace_alu$803.slice[1].carry$CARRY.CIN
Info:                Defined in:
Info:                  nerv.sv:230
Info:                  /usr/bin/../share/yosys/ice40/arith_map.v:43
Info:  0.1  9.9  Source $auto$alumacc.cc:474:replace_alu$803.slice[1].carry$CARRY.COUT
Info:  0.0  9.9    Net $auto$alumacc.cc:474:replace_alu$803.C[2] budget 0.000000 ns (7,12) -> (7,12)
Info:                Sink $auto$alumacc.cc:474:replace_alu$803.slice[2].carry$CARRY.CIN
Info:                Defined in:
Info:                  nerv.sv:230
Info:                  /usr/bin/../share/yosys/ice40/arith_map.v:43
Info:  0.1 10.0  Source $auto$alumacc.cc:474:replace_alu$803.slice[2].carry$CARRY.COUT
Info:  0.0 10.0    Net $auto$alumacc.cc:474:replace_alu$803.C[3] budget 0.000000 ns (7,12) -> (7,12)
Info:                Sink $auto$alumacc.cc:474:replace_alu$803.slice[3].carry$CARRY.CIN
Info:                Defined in:
Info:                  nerv.sv:230
Info:                  /usr/bin/../share/yosys/ice40/arith_map.v:43
Info:  0.1 10.2  Source $auto$alumacc.cc:474:replace_alu$803.slice[3].carry$CARRY.COUT
Info:  0.0 10.2    Net $auto$alumacc.cc:474:replace_alu$803.C[4] budget 0.000000 ns (7,12) -> (7,12)
Info:                Sink $auto$alumacc.cc:474:replace_alu$803.slice[4].carry$CARRY.CIN
Info:                Defined in:
Info:                  nerv.sv:230
Info:                  /usr/bin/../share/yosys/ice40/arith_map.v:43
Info:  0.1 10.3  Source $auto$alumacc.cc:474:replace_alu$803.slice[4].carry$CARRY.COUT
Info:  0.0 10.3    Net $auto$alumacc.cc:474:replace_alu$803.C[5] budget 0.000000 ns (7,12) -> (7,12)
Info:                Sink $auto$alumacc.cc:474:replace_alu$803.slice[5].carry$CARRY.CIN
Info:                Defined in:
Info:                  nerv.sv:230
Info:                  /usr/bin/../share/yosys/ice40/arith_map.v:43
Info:  0.1 10.4  Source $auto$alumacc.cc:474:replace_alu$803.slice[5].carry$CARRY.COUT
Info:  0.0 10.4    Net $auto$alumacc.cc:474:replace_alu$803.C[6] budget 0.000000 ns (7,12) -> (7,12)
Info:                Sink $auto$alumacc.cc:474:replace_alu$803.slice[6].carry$CARRY.CIN
Info:                Defined in:
Info:                  nerv.sv:230
Info:                  /usr/bin/../share/yosys/ice40/arith_map.v:43
Info:  0.1 10.5  Source $auto$alumacc.cc:474:replace_alu$803.slice[6].carry$CARRY.COUT
Info:  0.0 10.5    Net $auto$alumacc.cc:474:replace_alu$803.C[7] budget 0.000000 ns (7,12) -> (7,12)
Info:                Sink $auto$alumacc.cc:474:replace_alu$803.slice[7].carry$CARRY.CIN
Info:                Defined in:
Info:                  nerv.sv:230
Info:                  /usr/bin/../share/yosys/ice40/arith_map.v:43
Info:  0.1 10.7  Source $auto$alumacc.cc:474:replace_alu$803.slice[7].carry$CARRY.COUT
Info:  0.2 10.9    Net $auto$alumacc.cc:474:replace_alu$803.C[8] budget 0.190000 ns (7,12) -> (7,13)
Info:                Sink $auto$alumacc.cc:474:replace_alu$803.slice[8].carry$CARRY.CIN
Info:                Defined in:
Info:                  nerv.sv:230
Info:                  /usr/bin/../share/yosys/ice40/arith_map.v:43
Info:  0.1 11.0  Source $auto$alumacc.cc:474:replace_alu$803.slice[8].carry$CARRY.COUT
Info:  0.0 11.0    Net $auto$alumacc.cc:474:replace_alu$803.C[9] budget 0.000000 ns (7,13) -> (7,13)
Info:                Sink $auto$alumacc.cc:474:replace_alu$803.slice[9].carry$CARRY.CIN
Info:                Defined in:
Info:                  nerv.sv:230
Info:                  /usr/bin/../share/yosys/ice40/arith_map.v:43
Info:  0.1 11.1  Source $auto$alumacc.cc:474:replace_alu$803.slice[9].carry$CARRY.COUT
Info:  0.0 11.1    Net $auto$alumacc.cc:474:replace_alu$803.C[10] budget 0.000000 ns (7,13) -> (7,13)
Info:                Sink $auto$alumacc.cc:474:replace_alu$803.slice[10].carry$CARRY.CIN
Info:                Defined in:
Info:                  nerv.sv:230
Info:                  /usr/bin/../share/yosys/ice40/arith_map.v:43
Info:  0.1 11.2  Source $auto$alumacc.cc:474:replace_alu$803.slice[10].carry$CARRY.COUT
Info:  0.0 11.2    Net $auto$alumacc.cc:474:replace_alu$803.C[11] budget 0.000000 ns (7,13) -> (7,13)
Info:                Sink $auto$alumacc.cc:474:replace_alu$803.slice[11].carry$CARRY.CIN
Info:                Defined in:
Info:                  nerv.sv:230
Info:                  /usr/bin/../share/yosys/ice40/arith_map.v:43
Info:  0.1 11.4  Source $auto$alumacc.cc:474:replace_alu$803.slice[11].carry$CARRY.COUT
Info:  0.0 11.4    Net $auto$alumacc.cc:474:replace_alu$803.C[12] budget 0.000000 ns (7,13) -> (7,13)
Info:                Sink $auto$alumacc.cc:474:replace_alu$803.slice[12].carry$CARRY.CIN
Info:                Defined in:
Info:                  nerv.sv:230
Info:                  /usr/bin/../share/yosys/ice40/arith_map.v:43
Info:  0.1 11.5  Source $auto$alumacc.cc:474:replace_alu$803.slice[12].carry$CARRY.COUT
Info:  0.0 11.5    Net $auto$alumacc.cc:474:replace_alu$803.C[13] budget 0.000000 ns (7,13) -> (7,13)
Info:                Sink $auto$alumacc.cc:474:replace_alu$803.slice[13].carry$CARRY.CIN
Info:                Defined in:
Info:                  nerv.sv:230
Info:                  /usr/bin/../share/yosys/ice40/arith_map.v:43
Info:  0.1 11.6  Source $auto$alumacc.cc:474:replace_alu$803.slice[13].carry$CARRY.COUT
Info:  0.0 11.6    Net $auto$alumacc.cc:474:replace_alu$803.C[14] budget 0.000000 ns (7,13) -> (7,13)
Info:                Sink $auto$alumacc.cc:474:replace_alu$803.slice[14].carry$CARRY.CIN
Info:                Defined in:
Info:                  nerv.sv:230
Info:                  /usr/bin/../share/yosys/ice40/arith_map.v:43
Info:  0.1 11.7  Source $auto$alumacc.cc:474:replace_alu$803.slice[14].carry$CARRY.COUT
Info:  0.0 11.7    Net $auto$alumacc.cc:474:replace_alu$803.C[15] budget 0.000000 ns (7,13) -> (7,13)
Info:                Sink $auto$alumacc.cc:474:replace_alu$803.slice[15].carry$CARRY.CIN
Info:                Defined in:
Info:                  nerv.sv:230
Info:                  /usr/bin/../share/yosys/ice40/arith_map.v:43
Info:  0.1 11.9  Source $auto$alumacc.cc:474:replace_alu$803.slice[15].carry$CARRY.COUT
Info:  0.2 12.1    Net $auto$alumacc.cc:474:replace_alu$803.C[16] budget 0.190000 ns (7,13) -> (7,14)
Info:                Sink $auto$alumacc.cc:474:replace_alu$803.slice[16].carry$CARRY.CIN
Info:                Defined in:
Info:                  nerv.sv:230
Info:                  /usr/bin/../share/yosys/ice40/arith_map.v:43
Info:  0.1 12.2  Source $auto$alumacc.cc:474:replace_alu$803.slice[16].carry$CARRY.COUT
Info:  0.0 12.2    Net $auto$alumacc.cc:474:replace_alu$803.C[17] budget 0.000000 ns (7,14) -> (7,14)
Info:                Sink $auto$alumacc.cc:474:replace_alu$803.slice[17].carry$CARRY.CIN
Info:                Defined in:
Info:                  nerv.sv:230
Info:                  /usr/bin/../share/yosys/ice40/arith_map.v:43
Info:  0.1 12.3  Source $auto$alumacc.cc:474:replace_alu$803.slice[17].carry$CARRY.COUT
Info:  0.0 12.3    Net $auto$alumacc.cc:474:replace_alu$803.C[18] budget 0.000000 ns (7,14) -> (7,14)
Info:                Sink $auto$alumacc.cc:474:replace_alu$803.slice[18].carry$CARRY.CIN
Info:                Defined in:
Info:                  nerv.sv:230
Info:                  /usr/bin/../share/yosys/ice40/arith_map.v:43
Info:  0.1 12.4  Source $auto$alumacc.cc:474:replace_alu$803.slice[18].carry$CARRY.COUT
Info:  0.0 12.4    Net $auto$alumacc.cc:474:replace_alu$803.C[19] budget 0.000000 ns (7,14) -> (7,14)
Info:                Sink $auto$alumacc.cc:474:replace_alu$803.slice[19].carry$CARRY.CIN
Info:                Defined in:
Info:                  nerv.sv:230
Info:                  /usr/bin/../share/yosys/ice40/arith_map.v:43
Info:  0.1 12.6  Source $auto$alumacc.cc:474:replace_alu$803.slice[19].carry$CARRY.COUT
Info:  0.0 12.6    Net $auto$alumacc.cc:474:replace_alu$803.C[20] budget 0.000000 ns (7,14) -> (7,14)
Info:                Sink $auto$alumacc.cc:474:replace_alu$803.slice[20].carry$CARRY.CIN
Info:                Defined in:
Info:                  nerv.sv:230
Info:                  /usr/bin/../share/yosys/ice40/arith_map.v:43
Info:  0.1 12.7  Source $auto$alumacc.cc:474:replace_alu$803.slice[20].carry$CARRY.COUT
Info:  0.0 12.7    Net $auto$alumacc.cc:474:replace_alu$803.C[21] budget 0.000000 ns (7,14) -> (7,14)
Info:                Sink $auto$alumacc.cc:474:replace_alu$803.slice[21].carry$CARRY.CIN
Info:                Defined in:
Info:                  nerv.sv:230
Info:                  /usr/bin/../share/yosys/ice40/arith_map.v:43
Info:  0.1 12.8  Source $auto$alumacc.cc:474:replace_alu$803.slice[21].carry$CARRY.COUT
Info:  0.0 12.8    Net $auto$alumacc.cc:474:replace_alu$803.C[22] budget 0.000000 ns (7,14) -> (7,14)
Info:                Sink $auto$alumacc.cc:474:replace_alu$803.slice[22].carry$CARRY.CIN
Info:                Defined in:
Info:                  nerv.sv:230
Info:                  /usr/bin/../share/yosys/ice40/arith_map.v:43
Info:  0.1 12.9  Source $auto$alumacc.cc:474:replace_alu$803.slice[22].carry$CARRY.COUT
Info:  0.0 12.9    Net $auto$alumacc.cc:474:replace_alu$803.C[23] budget 0.000000 ns (7,14) -> (7,14)
Info:                Sink $auto$alumacc.cc:474:replace_alu$803.slice[23].carry$CARRY.CIN
Info:                Defined in:
Info:                  nerv.sv:230
Info:                  /usr/bin/../share/yosys/ice40/arith_map.v:43
Info:  0.1 13.1  Source $auto$alumacc.cc:474:replace_alu$803.slice[23].carry$CARRY.COUT
Info:  0.2 13.3    Net $auto$alumacc.cc:474:replace_alu$803.C[24] budget 0.190000 ns (7,14) -> (7,15)
Info:                Sink $auto$alumacc.cc:474:replace_alu$803.slice[24].carry$CARRY.CIN
Info:                Defined in:
Info:                  nerv.sv:230
Info:                  /usr/bin/../share/yosys/ice40/arith_map.v:43
Info:  0.1 13.4  Source $auto$alumacc.cc:474:replace_alu$803.slice[24].carry$CARRY.COUT
Info:  0.0 13.4    Net $auto$alumacc.cc:474:replace_alu$803.C[25] budget 0.000000 ns (7,15) -> (7,15)
Info:                Sink $auto$alumacc.cc:474:replace_alu$803.slice[25].carry$CARRY.CIN
Info:                Defined in:
Info:                  nerv.sv:230
Info:                  /usr/bin/../share/yosys/ice40/arith_map.v:43
Info:  0.1 13.5  Source $auto$alumacc.cc:474:replace_alu$803.slice[25].carry$CARRY.COUT
Info:  0.0 13.5    Net $auto$alumacc.cc:474:replace_alu$803.C[26] budget 0.000000 ns (7,15) -> (7,15)
Info:                Sink $auto$alumacc.cc:474:replace_alu$803.slice[26].carry$CARRY.CIN
Info:                Defined in:
Info:                  nerv.sv:230
Info:                  /usr/bin/../share/yosys/ice40/arith_map.v:43
Info:  0.1 13.6  Source $auto$alumacc.cc:474:replace_alu$803.slice[26].carry$CARRY.COUT
Info:  0.0 13.6    Net $auto$alumacc.cc:474:replace_alu$803.C[27] budget 0.000000 ns (7,15) -> (7,15)
Info:                Sink $auto$alumacc.cc:474:replace_alu$803.slice[27].carry$CARRY.CIN
Info:                Defined in:
Info:                  nerv.sv:230
Info:                  /usr/bin/../share/yosys/ice40/arith_map.v:43
Info:  0.1 13.8  Source $auto$alumacc.cc:474:replace_alu$803.slice[27].carry$CARRY.COUT
Info:  0.0 13.8    Net $auto$alumacc.cc:474:replace_alu$803.C[28] budget 0.000000 ns (7,15) -> (7,15)
Info:                Sink $auto$alumacc.cc:474:replace_alu$803.slice[28].carry$CARRY.CIN
Info:                Defined in:
Info:                  nerv.sv:230
Info:                  /usr/bin/../share/yosys/ice40/arith_map.v:43
Info:  0.1 13.9  Source $auto$alumacc.cc:474:replace_alu$803.slice[28].carry$CARRY.COUT
Info:  0.0 13.9    Net $auto$alumacc.cc:474:replace_alu$803.C[29] budget 0.000000 ns (7,15) -> (7,15)
Info:                Sink $auto$alumacc.cc:474:replace_alu$803.slice[29].carry$CARRY.CIN
Info:                Defined in:
Info:                  nerv.sv:230
Info:                  /usr/bin/../share/yosys/ice40/arith_map.v:43
Info:  0.1 14.0  Source $auto$alumacc.cc:474:replace_alu$803.slice[29].carry$CARRY.COUT
Info:  0.0 14.0    Net $auto$alumacc.cc:474:replace_alu$803.C[30] budget 0.000000 ns (7,15) -> (7,15)
Info:                Sink $auto$alumacc.cc:474:replace_alu$803.slice[30].carry$CARRY.CIN
Info:                Defined in:
Info:                  nerv.sv:230
Info:                  /usr/bin/../share/yosys/ice40/arith_map.v:43
Info:  0.1 14.1  Source $auto$alumacc.cc:474:replace_alu$803.slice[30].carry$CARRY.COUT
Info:  0.3 14.4    Net $nextpnr_ICESTORM_LC_2$I3 budget 0.260000 ns (7,15) -> (7,15)
Info:                Sink $nextpnr_ICESTORM_LC_2.I3
Info:  0.3 14.7  Source $nextpnr_ICESTORM_LC_2.O
Info:  1.1 15.8    Net $auto$alumacc.cc:474:replace_alu$803.C[31] budget 36.372002 ns (7,15) -> (7,19)
Info:                Sink $abc$21969$auto$blifparse.cc:492:parse_blif$23646_LC.I1
Info:                Defined in:
Info:                  nerv.sv:230
Info:                  /usr/bin/../share/yosys/ice40/arith_map.v:43
Info:  0.4 16.2  Source $abc$21969$auto$blifparse.cc:492:parse_blif$23646_LC.O
Info:  1.0 17.2    Net $abc$21969$auto$rtlil.cc:1864:Xor$809_new_ budget 5.209000 ns (7,19) -> (7,18)
Info:                Sink $abc$21969$auto$blifparse.cc:492:parse_blif$21977_LC.I2
Info:  0.4 17.6  Source $abc$21969$auto$blifparse.cc:492:parse_blif$21977_LC.O
Info:  0.6 18.2    Net $abc$21969$new_n1764_ budget 5.209000 ns (7,18) -> (7,17)
Info:                Sink $abc$21969$auto$blifparse.cc:492:parse_blif$21976_LC.I0
Info:  0.4 18.6  Source $abc$21969$auto$blifparse.cc:492:parse_blif$21976_LC.O
Info:  2.4 21.0    Net $abc$21969$new_n1763_ budget 5.210000 ns (7,17) -> (9,7)
Info:                Sink $abc$21969$auto$blifparse.cc:492:parse_blif$23828_LC.I1
Info:  0.4 21.4  Source $abc$21969$auto$blifparse.cc:492:parse_blif$23828_LC.O
Info:  1.7 23.1    Net $abc$21969$new_n3766_ budget 5.210000 ns (9,7) -> (9,17)
Info:                Sink $abc$21969$auto$blifparse.cc:492:parse_blif$25044_LC.I1
Info:  0.4 23.5  Source $abc$21969$auto$blifparse.cc:492:parse_blif$25044_LC.O
Info:  0.6 24.1    Net $abc$21969$12\npc[31:0][21]_new_ budget 5.210000 ns (9,17) -> (9,17)
Info:                Sink $abc$21969$auto$blifparse.cc:492:parse_blif$25045_LC.I1
Info:                Defined in:
Info:                  nerv.sv:168
Info:  0.4 24.5  Source $abc$21969$auto$blifparse.cc:492:parse_blif$25045_LC.O
Info:  0.6 25.0    Net $abc$21969$npc[21]_new_ budget 5.209000 ns (9,17) -> (9,17)
Info:                Sink $abc$21969$auto$blifparse.cc:492:parse_blif$23852_LC.I1
Info:                Defined in:
Info:                  nerv.sv:73
Info:  0.4 25.4  Source $abc$21969$auto$blifparse.cc:492:parse_blif$23852_LC.O
Info:  2.5 27.9    Net imem_addr[21]$SB_IO_OUT budget 5.243000 ns (9,17) -> (33,17)
Info:                Sink imem_addr[21]$sb_io.D_OUT_0
Info:                Defined in:
Info:                  nerv.sv:30
Info: 9.8 ns logic, 18.1 ns routing

Info: Max frequency for clock 'clock$SB_IO_IN_$glb_clk': 37.43 MHz (PASS at 12.00 MHz)

Info: Max delay <async>                         -> <async>                        : 30.26 ns
Info: Max delay <async>                         -> posedge clock$SB_IO_IN_$glb_clk: 29.06 ns
Info: Max delay posedge clock$SB_IO_IN_$glb_clk -> <async>                        : 27.92 ns

Info: Slack histogram:
Info:  legend: * represents 15 endpoint(s)
Info:          + represents [1,15) endpoint(s)
Info: [ 53073,  54507) |+
Info: [ 54507,  55941) |****+
Info: [ 55941,  57375) |**************+
Info: [ 57375,  58809) |*******************************************+
Info: [ 58809,  60243) |********************************************+
Info: [ 60243,  61677) |************************************************************ 
Info: [ 61677,  63111) |*************************************+
Info: [ 63111,  64545) |************+
Info: [ 64545,  65979) |**+
Info: [ 65979,  67413) |**+
Info: [ 67413,  68847) |*+
Info: [ 68847,  70281) |*******+
Info: [ 70281,  71715) |********************************************+
Info: [ 71715,  73149) |*****************+
Info: [ 73149,  74583) | 
Info: [ 74583,  76017) | 
Info: [ 76017,  77451) |****+
Info: [ 77451,  78885) |+
Info: [ 78885,  80319) |*+
Info: [ 80319,  81753) |*+
169 warnings, 0 errors

Info: Program finished normally.
