Warning: Use of default value for --package is deprecated. Please add '--package ct256' to arguments.
Warning: IO 'trap' is unconstrained in PCF and will be automatically placed
Warning: IO 'reset' is unconstrained in PCF and will be automatically placed
Warning: IO 'imem_data[31]' is unconstrained in PCF and will be automatically placed
Warning: IO 'imem_data[30]' is unconstrained in PCF and will be automatically placed
Warning: IO 'imem_data[29]' is unconstrained in PCF and will be automatically placed
Warning: IO 'imem_data[28]' is unconstrained in PCF and will be automatically placed
Warning: IO 'imem_data[27]' is unconstrained in PCF and will be automatically placed
Warning: IO 'imem_data[26]' is unconstrained in PCF and will be automatically placed
Warning: IO 'imem_data[25]' is unconstrained in PCF and will be automatically placed
Warning: IO 'imem_data[24]' is unconstrained in PCF and will be automatically placed
Warning: IO 'imem_data[23]' is unconstrained in PCF and will be automatically placed
Warning: IO 'imem_data[22]' is unconstrained in PCF and will be automatically placed
Warning: IO 'imem_data[21]' is unconstrained in PCF and will be automatically placed
Warning: IO 'imem_data[20]' is unconstrained in PCF and will be automatically placed
Warning: IO 'imem_data[19]' is unconstrained in PCF and will be automatically placed
Warning: IO 'imem_data[18]' is unconstrained in PCF and will be automatically placed
Warning: IO 'imem_data[17]' is unconstrained in PCF and will be automatically placed
Warning: IO 'imem_data[16]' is unconstrained in PCF and will be automatically placed
Warning: IO 'imem_data[15]' is unconstrained in PCF and will be automatically placed
Warning: IO 'imem_data[14]' is unconstrained in PCF and will be automatically placed
Warning: IO 'imem_data[13]' is unconstrained in PCF and will be automatically placed
Warning: IO 'imem_data[12]' is unconstrained in PCF and will be automatically placed
Warning: IO 'imem_data[11]' is unconstrained in PCF and will be automatically placed
Warning: IO 'imem_data[10]' is unconstrained in PCF and will be automatically placed
Warning: IO 'imem_data[9]' is unconstrained in PCF and will be automatically placed
Warning: IO 'imem_data[8]' is unconstrained in PCF and will be automatically placed
Warning: IO 'imem_data[7]' is unconstrained in PCF and will be automatically placed
Warning: IO 'imem_data[6]' is unconstrained in PCF and will be automatically placed
Warning: IO 'imem_data[5]' is unconstrained in PCF and will be automatically placed
Warning: IO 'imem_data[4]' is unconstrained in PCF and will be automatically placed
Warning: IO 'imem_data[3]' is unconstrained in PCF and will be automatically placed
Warning: IO 'imem_data[2]' is unconstrained in PCF and will be automatically placed
Warning: IO 'imem_data[1]' is unconstrained in PCF and will be automatically placed
Warning: IO 'imem_data[0]' is unconstrained in PCF and will be automatically placed
Warning: IO 'imem_addr[31]' is unconstrained in PCF and will be automatically placed
Warning: IO 'imem_addr[30]' is unconstrained in PCF and will be automatically placed
Warning: IO 'imem_addr[29]' is unconstrained in PCF and will be automatically placed
Warning: IO 'imem_addr[28]' is unconstrained in PCF and will be automatically placed
Warning: IO 'imem_addr[27]' is unconstrained in PCF and will be automatically placed
Warning: IO 'imem_addr[26]' is unconstrained in PCF and will be automatically placed
Warning: IO 'imem_addr[25]' is unconstrained in PCF and will be automatically placed
Warning: IO 'imem_addr[24]' is unconstrained in PCF and will be automatically placed
Warning: IO 'imem_addr[23]' is unconstrained in PCF and will be automatically placed
Warning: IO 'imem_addr[22]' is unconstrained in PCF and will be automatically placed
Warning: IO 'imem_addr[21]' is unconstrained in PCF and will be automatically placed
Warning: IO 'imem_addr[20]' is unconstrained in PCF and will be automatically placed
Warning: IO 'imem_addr[19]' is unconstrained in PCF and will be automatically placed
Warning: IO 'imem_addr[18]' is unconstrained in PCF and will be automatically placed
Warning: IO 'imem_addr[17]' is unconstrained in PCF and will be automatically placed
Warning: IO 'imem_addr[16]' is unconstrained in PCF and will be automatically placed
Warning: IO 'imem_addr[15]' is unconstrained in PCF and will be automatically placed
Warning: IO 'imem_addr[14]' is unconstrained in PCF and will be automatically placed
Warning: IO 'imem_addr[13]' is unconstrained in PCF and will be automatically placed
Warning: IO 'imem_addr[12]' is unconstrained in PCF and will be automatically placed
Warning: IO 'imem_addr[11]' is unconstrained in PCF and will be automatically placed
Warning: IO 'imem_addr[10]' is unconstrained in PCF and will be automatically placed
Warning: IO 'imem_addr[9]' is unconstrained in PCF and will be automatically placed
Warning: IO 'imem_addr[8]' is unconstrained in PCF and will be automatically placed
Warning: IO 'imem_addr[7]' is unconstrained in PCF and will be automatically placed
Warning: IO 'imem_addr[6]' is unconstrained in PCF and will be automatically placed
Warning: IO 'imem_addr[5]' is unconstrained in PCF and will be automatically placed
Warning: IO 'imem_addr[4]' is unconstrained in PCF and will be automatically placed
Warning: IO 'imem_addr[3]' is unconstrained in PCF and will be automatically placed
Warning: IO 'imem_addr[2]' is unconstrained in PCF and will be automatically placed
Warning: IO 'imem_addr[1]' is unconstrained in PCF and will be automatically placed
Warning: IO 'imem_addr[0]' is unconstrained in PCF and will be automatically placed
Warning: IO 'dmem_wstrb[3]' is unconstrained in PCF and will be automatically placed
Warning: IO 'dmem_wstrb[2]' is unconstrained in PCF and will be automatically placed
Warning: IO 'dmem_wstrb[1]' is unconstrained in PCF and will be automatically placed
Warning: IO 'dmem_wstrb[0]' is unconstrained in PCF and will be automatically placed
Warning: IO 'dmem_wdata[31]' is unconstrained in PCF and will be automatically placed
Warning: IO 'dmem_wdata[30]' is unconstrained in PCF and will be automatically placed
Warning: IO 'dmem_wdata[29]' is unconstrained in PCF and will be automatically placed
Warning: IO 'dmem_wdata[28]' is unconstrained in PCF and will be automatically placed
Warning: IO 'dmem_wdata[27]' is unconstrained in PCF and will be automatically placed
Warning: IO 'dmem_wdata[26]' is unconstrained in PCF and will be automatically placed
Warning: IO 'dmem_wdata[25]' is unconstrained in PCF and will be automatically placed
Warning: IO 'dmem_wdata[24]' is unconstrained in PCF and will be automatically placed
Warning: IO 'dmem_wdata[23]' is unconstrained in PCF and will be automatically placed
Warning: IO 'dmem_wdata[22]' is unconstrained in PCF and will be automatically placed
Warning: IO 'dmem_wdata[21]' is unconstrained in PCF and will be automatically placed
Warning: IO 'dmem_wdata[20]' is unconstrained in PCF and will be automatically placed
Warning: IO 'dmem_wdata[19]' is unconstrained in PCF and will be automatically placed
Warning: IO 'dmem_wdata[18]' is unconstrained in PCF and will be automatically placed
Warning: IO 'dmem_wdata[17]' is unconstrained in PCF and will be automatically placed
Warning: IO 'dmem_wdata[16]' is unconstrained in PCF and will be automatically placed
Warning: IO 'dmem_wdata[15]' is unconstrained in PCF and will be automatically placed
Warning: IO 'dmem_wdata[14]' is unconstrained in PCF and will be automatically placed
Warning: IO 'dmem_wdata[13]' is unconstrained in PCF and will be automatically placed
Warning: IO 'dmem_wdata[12]' is unconstrained in PCF and will be automatically placed
Warning: IO 'dmem_wdata[11]' is unconstrained in PCF and will be automatically placed
Warning: IO 'dmem_wdata[10]' is unconstrained in PCF and will be automatically placed
Warning: IO 'dmem_wdata[9]' is unconstrained in PCF and will be automatically placed
Warning: IO 'dmem_wdata[8]' is unconstrained in PCF and will be automatically placed
Warning: IO 'dmem_wdata[7]' is unconstrained in PCF and will be automatically placed
Warning: IO 'dmem_wdata[6]' is unconstrained in PCF and will be automatically placed
Warning: IO 'dmem_wdata[5]' is unconstrained in PCF and will be automatically placed
Warning: IO 'dmem_wdata[4]' is unconstrained in PCF and will be automatically placed
Warning: IO 'dmem_wdata[3]' is unconstrained in PCF and will be automatically placed
Warning: IO 'dmem_wdata[2]' is unconstrained in PCF and will be automatically placed
Warning: IO 'dmem_wdata[1]' is unconstrained in PCF and will be automatically placed
Warning: IO 'dmem_wdata[0]' is unconstrained in PCF and will be automatically placed
Warning: IO 'dmem_valid' is unconstrained in PCF and will be automatically placed
Warning: IO 'dmem_rdata[31]' is unconstrained in PCF and will be automatically placed
Warning: IO 'dmem_rdata[30]' is unconstrained in PCF and will be automatically placed
Warning: IO 'dmem_rdata[29]' is unconstrained in PCF and will be automatically placed
Warning: IO 'dmem_rdata[28]' is unconstrained in PCF and will be automatically placed
Warning: IO 'dmem_rdata[27]' is unconstrained in PCF and will be automatically placed
Warning: IO 'dmem_rdata[26]' is unconstrained in PCF and will be automatically placed
Warning: IO 'dmem_rdata[25]' is unconstrained in PCF and will be automatically placed
Warning: IO 'dmem_rdata[24]' is unconstrained in PCF and will be automatically placed
Warning: IO 'dmem_rdata[23]' is unconstrained in PCF and will be automatically placed
Warning: IO 'dmem_rdata[22]' is unconstrained in PCF and will be automatically placed
Warning: IO 'dmem_rdata[21]' is unconstrained in PCF and will be automatically placed
Warning: IO 'dmem_rdata[20]' is unconstrained in PCF and will be automatically placed
Warning: IO 'dmem_rdata[19]' is unconstrained in PCF and will be automatically placed
Warning: IO 'dmem_rdata[18]' is unconstrained in PCF and will be automatically placed
Warning: IO 'dmem_rdata[17]' is unconstrained in PCF and will be automatically placed
Warning: IO 'dmem_rdata[16]' is unconstrained in PCF and will be automatically placed
Warning: IO 'dmem_rdata[15]' is unconstrained in PCF and will be automatically placed
Warning: IO 'dmem_rdata[14]' is unconstrained in PCF and will be automatically placed
Warning: IO 'dmem_rdata[13]' is unconstrained in PCF and will be automatically placed
Warning: IO 'dmem_rdata[12]' is unconstrained in PCF and will be automatically placed
Warning: IO 'dmem_rdata[11]' is unconstrained in PCF and will be automatically placed
Warning: IO 'dmem_rdata[10]' is unconstrained in PCF and will be automatically placed
Warning: IO 'dmem_rdata[9]' is unconstrained in PCF and will be automatically placed
Warning: IO 'dmem_rdata[8]' is unconstrained in PCF and will be automatically placed
Warning: IO 'dmem_rdata[7]' is unconstrained in PCF and will be automatically placed
Warning: IO 'dmem_rdata[6]' is unconstrained in PCF and will be automatically placed
Warning: IO 'dmem_rdata[5]' is unconstrained in PCF and will be automatically placed
Warning: IO 'dmem_rdata[4]' is unconstrained in PCF and will be automatically placed
Warning: IO 'dmem_rdata[3]' is unconstrained in PCF and will be automatically placed
Warning: IO 'dmem_rdata[2]' is unconstrained in PCF and will be automatically placed
Warning: IO 'dmem_rdata[1]' is unconstrained in PCF and will be automatically placed
Warning: IO 'dmem_rdata[0]' is unconstrained in PCF and will be automatically placed
Warning: IO 'dmem_addr[31]' is unconstrained in PCF and will be automatically placed
Warning: IO 'dmem_addr[30]' is unconstrained in PCF and will be automatically placed
Warning: IO 'dmem_addr[29]' is unconstrained in PCF and will be automatically placed
Warning: IO 'dmem_addr[28]' is unconstrained in PCF and will be automatically placed
Warning: IO 'dmem_addr[27]' is unconstrained in PCF and will be automatically placed
Warning: IO 'dmem_addr[26]' is unconstrained in PCF and will be automatically placed
Warning: IO 'dmem_addr[25]' is unconstrained in PCF and will be automatically placed
Warning: IO 'dmem_addr[24]' is unconstrained in PCF and will be automatically placed
Warning: IO 'dmem_addr[23]' is unconstrained in PCF and will be automatically placed
Warning: IO 'dmem_addr[22]' is unconstrained in PCF and will be automatically placed
Warning: IO 'dmem_addr[21]' is unconstrained in PCF and will be automatically placed
Warning: IO 'dmem_addr[20]' is unconstrained in PCF and will be automatically placed
Warning: IO 'dmem_addr[19]' is unconstrained in PCF and will be automatically placed
Warning: IO 'dmem_addr[18]' is unconstrained in PCF and will be automatically placed
Warning: IO 'dmem_addr[17]' is unconstrained in PCF and will be automatically placed
Warning: IO 'dmem_addr[16]' is unconstrained in PCF and will be automatically placed
Warning: IO 'dmem_addr[15]' is unconstrained in PCF and will be automatically placed
Warning: IO 'dmem_addr[14]' is unconstrained in PCF and will be automatically placed
Warning: IO 'dmem_addr[13]' is unconstrained in PCF and will be automatically placed
Warning: IO 'dmem_addr[12]' is unconstrained in PCF and will be automatically placed
Warning: IO 'dmem_addr[11]' is unconstrained in PCF and will be automatically placed
Warning: IO 'dmem_addr[10]' is unconstrained in PCF and will be automatically placed
Warning: IO 'dmem_addr[9]' is unconstrained in PCF and will be automatically placed
Warning: IO 'dmem_addr[8]' is unconstrained in PCF and will be automatically placed
Warning: IO 'dmem_addr[7]' is unconstrained in PCF and will be automatically placed
Warning: IO 'dmem_addr[6]' is unconstrained in PCF and will be automatically placed
Warning: IO 'dmem_addr[5]' is unconstrained in PCF and will be automatically placed
Warning: IO 'dmem_addr[4]' is unconstrained in PCF and will be automatically placed
Warning: IO 'dmem_addr[3]' is unconstrained in PCF and will be automatically placed
Warning: IO 'dmem_addr[2]' is unconstrained in PCF and will be automatically placed
Warning: IO 'dmem_addr[1]' is unconstrained in PCF and will be automatically placed
Warning: IO 'dmem_addr[0]' is unconstrained in PCF and will be automatically placed
Warning: IO 'clock' is unconstrained in PCF and will be automatically placed

Info: Packing constants..
Info: Packing IOs..
Info: Packing LUT-FFs..
Info:     1758 LCs used as LUT4 only
Info:       96 LCs used as LUT4 and DFF
Info: Packing non-LUT FFs..
Info:      143 LCs used as DFF only
Info: Packing carries..
Info:      102 LCs used as CARRY only
Info: Packing RAMs..
Info: Placing PLLs..
Info: Packing special functions..
Info: Packing PLLs..
Info: Promoting globals..
Info: promoting clock$SB_IO_IN (fanout 247)
Info: promoting $abc$10850$auto$rtlil.cc:1969:NotGate$10720 [reset] (fanout 32)
Info: promoting $abc$10850$auto$rtlil.cc:1969:NotGate$10782 [reset] (fanout 32)
Info: promoting $abc$10850$auto$dff2dffe.cc:158:make_patterns_logic$10139 [cen] (fanout 31)
Info: Constraining chains...
Info:        7 LCs used to legalise carry chains.
Info: Checksum: 0x3c5c172a

Info: Annotating ports with timing budgets for target frequency 12.00 MHz
Info: Checksum: 0xd8f40c4a

Info: Device utilisation:
Info: 	         ICESTORM_LC:  2108/ 7680    27%
Info: 	        ICESTORM_RAM:     4/   32    12%
Info: 	               SB_IO:   168/  256    65%
Info: 	               SB_GB:     4/    8    50%
Info: 	        ICESTORM_PLL:     0/    2     0%
Info: 	         SB_WARMBOOT:     0/    1     0%

Info: Placed 0 cells based on constraints.
Info: Creating initial analytic placement for 1783 cells, random placement wirelen = 61301.
Info:     at initial placer iter 0, wirelen = 5239
Info:     at initial placer iter 1, wirelen = 4783
Info:     at initial placer iter 2, wirelen = 4785
Info:     at initial placer iter 3, wirelen = 4990
Info: Running main analytical placer.
Info:     at iteration #1, type ALL: wirelen solved = 5025, spread = 16631, legal = 17180; time = 0.04s
Info:     at iteration #2, type ALL: wirelen solved = 5118, spread = 15308, legal = 15953; time = 0.05s
Info:     at iteration #3, type ALL: wirelen solved = 5198, spread = 14746, legal = 15483; time = 0.05s
Info:     at iteration #4, type ALL: wirelen solved = 5424, spread = 14688, legal = 15082; time = 0.04s
Info:     at iteration #5, type ALL: wirelen solved = 5733, spread = 14695, legal = 15255; time = 0.05s
Info:     at iteration #6, type ALL: wirelen solved = 5972, spread = 14294, legal = 15072; time = 0.05s
Info:     at iteration #7, type ALL: wirelen solved = 6179, spread = 14189, legal = 14669; time = 0.04s
Info:     at iteration #8, type ALL: wirelen solved = 6428, spread = 14275, legal = 14761; time = 0.05s
Info:     at iteration #9, type ALL: wirelen solved = 6556, spread = 14197, legal = 14613; time = 0.04s
Info:     at iteration #10, type ALL: wirelen solved = 6877, spread = 13831, legal = 14234; time = 0.04s
Info:     at iteration #11, type ALL: wirelen solved = 7134, spread = 13365, legal = 13983; time = 0.04s
Info:     at iteration #12, type ALL: wirelen solved = 7177, spread = 13211, legal = 13833; time = 0.04s
Info:     at iteration #13, type ALL: wirelen solved = 7533, spread = 13458, legal = 13936; time = 0.04s
Info:     at iteration #14, type ALL: wirelen solved = 7715, spread = 13445, legal = 13988; time = 0.04s
Info:     at iteration #15, type ALL: wirelen solved = 7926, spread = 13569, legal = 14146; time = 0.04s
Info:     at iteration #16, type ALL: wirelen solved = 8130, spread = 13778, legal = 14162; time = 0.04s
Info:     at iteration #17, type ALL: wirelen solved = 8523, spread = 13345, legal = 13672; time = 0.04s
Info:     at iteration #18, type ALL: wirelen solved = 8612, spread = 13651, legal = 13880; time = 0.04s
Info:     at iteration #19, type ALL: wirelen solved = 8844, spread = 13427, legal = 13771; time = 0.04s
Info:     at iteration #20, type ALL: wirelen solved = 9014, spread = 13504, legal = 13766; time = 0.04s
Info:     at iteration #21, type ALL: wirelen solved = 9255, spread = 13713, legal = 13986; time = 0.04s
Info:     at iteration #22, type ALL: wirelen solved = 9458, spread = 13487, legal = 13882; time = 0.04s
Info: HeAP Placer Time: 1.33s
Info:   of which solving equations: 0.86s
Info:   of which spreading cells: 0.13s
Info:   of which strict legalisation: 0.06s

Info: Running simulated annealing placer for refinement.
Info:   at iteration #1: temp = 0.000000, timing cost = 941, wirelen = 13672
Info:   at iteration #5: temp = 0.000000, timing cost = 898, wirelen = 12074
Info:   at iteration #10: temp = 0.000000, timing cost = 682, wirelen = 11582
Info:   at iteration #15: temp = 0.000000, timing cost = 610, wirelen = 11204
Info:   at iteration #20: temp = 0.000000, timing cost = 605, wirelen = 11062
Info:   at iteration #25: temp = 0.000000, timing cost = 597, wirelen = 11030
Info:   at iteration #27: temp = 0.000000, timing cost = 613, wirelen = 11036 
Info: SA placement time 3.19s

Info: Max frequency for clock 'clock$SB_IO_IN_$glb_clk': 53.59 MHz (PASS at 12.00 MHz)

Info: Max delay <async>                         -> <async>                        : 12.90 ns
Info: Max delay <async>                         -> posedge clock$SB_IO_IN_$glb_clk: 13.85 ns
Info: Max delay posedge clock$SB_IO_IN_$glb_clk -> <async>                        : 15.02 ns

Info: Slack histogram:
Info:  legend: * represents 2 endpoint(s)
Info:          + represents [1,2) endpoint(s)
Info: [ 64671,  65528) |****+
Info: [ 65528,  66385) |******+
Info: [ 66385,  67242) |***************************+
Info: [ 67242,  68099) |**************+
Info: [ 68099,  68956) |***+
Info: [ 68956,  69813) |*******************+
Info: [ 69813,  70670) |****************************************+
Info: [ 70670,  71527) |***************************+
Info: [ 71527,  72384) |**************************+
Info: [ 72384,  73241) |*******************************+
Info: [ 73241,  74098) |******************+
Info: [ 74098,  74955) |**********************+
Info: [ 74955,  75812) |***********************+
Info: [ 75812,  76669) |************+
Info: [ 76669,  77526) |*******************+
Info: [ 77526,  78383) |********+
Info: [ 78383,  79240) |******************+
Info: [ 79240,  80097) |************************************+
Info: [ 80097,  80954) |***************************************************+
Info: [ 80954,  81811) |************************************************************ 
Info: Checksum: 0xfcea403c

Info: Routing..
Info: Setting up routing queue.
Info: Routing 7247 arcs.
Info:            |   (re-)routed arcs  |   delta    | remaining|       time spent     |
Info:    IterCnt |  w/ripup   wo/ripup |  w/r  wo/r |      arcs| batch(sec) total(sec)|
Info:       1000 |       37        678 |   37   678 |      6286|       0.12       0.12|
Info:       2000 |       87       1628 |   50   950 |      5350|       0.09       0.21|
Info:       3000 |      162       2553 |   75   925 |      4453|       0.08       0.30|
Info:       4000 |      264       3451 |  102   898 |      3577|       0.15       0.45|
Info:       5000 |      417       4298 |  153   847 |      2795|       0.28       0.73|
Info:       6000 |      662       5053 |  245   755 |      2163|       0.34       1.07|
Info:       7000 |      987       5728 |  325   675 |      1654|       0.42       1.49|
Info:       8000 |     1292       6423 |  305   695 |      1227|       0.42       1.91|
Info:       9000 |     1663       7052 |  371   629 |       984|       0.45       2.36|
Info:      10000 |     2089       7626 |  426   574 |       767|       0.47       2.83|
Info:      11000 |     2542       8173 |  453   547 |       531|       0.45       3.28|
Info:      12000 |     3051       8664 |  509   491 |       421|       0.50       3.78|
Info:      13000 |     3526       9189 |  475   525 |       236|       0.49       4.27|
Info:      13884 |     3915       9685 |  389   496 |         0|       0.53       4.80|
Info: Routing complete.
Info: Router1 time 4.80s
Info: Checksum: 0x4e11d4f2

Info: Critical path report for clock 'clock$SB_IO_IN_$glb_clk' (posedge -> posedge):
Info: curr total
Info:  0.5  0.5  Source $abc$10850$auto$blifparse.cc:492:parse_blif$12056_LC.O
Info:  0.6  1.1    Net rs2_value_b[1] budget 0.000000 ns (10,5) -> (9,6)
Info:                Sink $abc$10850$auto$blifparse.cc:492:parse_blif$12135_LC.I0
Info:                Defined in:
Info:                  nerv_balanced2.sv:186
Info:  0.4  1.6  Source $abc$10850$auto$blifparse.cc:492:parse_blif$12135_LC.O
Info:  1.6  3.2    Net $abc$10850$auto$alumacc.cc:474:replace_alu$792.BB[1] budget 0.000000 ns (9,6) -> (5,3)
Info:                Sink $auto$alumacc.cc:474:replace_alu$792.slice[1].carry$CARRY.I2
Info:                Defined in:
Info:                  nerv_balanced2.sv:263
Info:                  /usr/bin/../share/yosys/ice40/arith_map.v:42
Info:  0.2  3.4  Source $auto$alumacc.cc:474:replace_alu$792.slice[1].carry$CARRY.COUT
Info:  0.0  3.4    Net $auto$alumacc.cc:474:replace_alu$792.C[2] budget 0.000000 ns (5,3) -> (5,3)
Info:                Sink $auto$alumacc.cc:474:replace_alu$792.slice[2].carry$CARRY.CIN
Info:                Defined in:
Info:                  nerv_balanced2.sv:263
Info:                  /usr/bin/../share/yosys/ice40/arith_map.v:43
Info:  0.1  3.5  Source $auto$alumacc.cc:474:replace_alu$792.slice[2].carry$CARRY.COUT
Info:  0.0  3.5    Net $auto$alumacc.cc:474:replace_alu$792.C[3] budget 0.000000 ns (5,3) -> (5,3)
Info:                Sink $auto$alumacc.cc:474:replace_alu$792.slice[3].carry$CARRY.CIN
Info:                Defined in:
Info:                  nerv_balanced2.sv:263
Info:                  /usr/bin/../share/yosys/ice40/arith_map.v:43
Info:  0.1  3.6  Source $auto$alumacc.cc:474:replace_alu$792.slice[3].carry$CARRY.COUT
Info:  0.0  3.6    Net $auto$alumacc.cc:474:replace_alu$792.C[4] budget 0.000000 ns (5,3) -> (5,3)
Info:                Sink $auto$alumacc.cc:474:replace_alu$792.slice[4].carry$CARRY.CIN
Info:                Defined in:
Info:                  nerv_balanced2.sv:263
Info:                  /usr/bin/../share/yosys/ice40/arith_map.v:43
Info:  0.1  3.8  Source $auto$alumacc.cc:474:replace_alu$792.slice[4].carry$CARRY.COUT
Info:  0.0  3.8    Net $auto$alumacc.cc:474:replace_alu$792.C[5] budget 0.000000 ns (5,3) -> (5,3)
Info:                Sink $auto$alumacc.cc:474:replace_alu$792.slice[5].carry$CARRY.CIN
Info:                Defined in:
Info:                  nerv_balanced2.sv:263
Info:                  /usr/bin/../share/yosys/ice40/arith_map.v:43
Info:  0.1  3.9  Source $auto$alumacc.cc:474:replace_alu$792.slice[5].carry$CARRY.COUT
Info:  0.0  3.9    Net $auto$alumacc.cc:474:replace_alu$792.C[6] budget 0.000000 ns (5,3) -> (5,3)
Info:                Sink $auto$alumacc.cc:474:replace_alu$792.slice[6].carry$CARRY.CIN
Info:                Defined in:
Info:                  nerv_balanced2.sv:263
Info:                  /usr/bin/../share/yosys/ice40/arith_map.v:43
Info:  0.1  4.0  Source $auto$alumacc.cc:474:replace_alu$792.slice[6].carry$CARRY.COUT
Info:  0.0  4.0    Net $auto$alumacc.cc:474:replace_alu$792.C[7] budget 0.000000 ns (5,3) -> (5,3)
Info:                Sink $auto$alumacc.cc:474:replace_alu$792.slice[7].carry$CARRY.CIN
Info:                Defined in:
Info:                  nerv_balanced2.sv:263
Info:                  /usr/bin/../share/yosys/ice40/arith_map.v:43
Info:  0.1  4.2  Source $auto$alumacc.cc:474:replace_alu$792.slice[7].carry$CARRY.COUT
Info:  0.2  4.3    Net $auto$alumacc.cc:474:replace_alu$792.C[8] budget 0.190000 ns (5,3) -> (5,4)
Info:                Sink $auto$alumacc.cc:474:replace_alu$792.slice[8].carry$CARRY.CIN
Info:                Defined in:
Info:                  nerv_balanced2.sv:263
Info:                  /usr/bin/../share/yosys/ice40/arith_map.v:43
Info:  0.1  4.5  Source $auto$alumacc.cc:474:replace_alu$792.slice[8].carry$CARRY.COUT
Info:  0.0  4.5    Net $auto$alumacc.cc:474:replace_alu$792.C[9] budget 0.000000 ns (5,4) -> (5,4)
Info:                Sink $auto$alumacc.cc:474:replace_alu$792.slice[9].carry$CARRY.CIN
Info:                Defined in:
Info:                  nerv_balanced2.sv:263
Info:                  /usr/bin/../share/yosys/ice40/arith_map.v:43
Info:  0.1  4.6  Source $auto$alumacc.cc:474:replace_alu$792.slice[9].carry$CARRY.COUT
Info:  0.0  4.6    Net $auto$alumacc.cc:474:replace_alu$792.C[10] budget 0.000000 ns (5,4) -> (5,4)
Info:                Sink $auto$alumacc.cc:474:replace_alu$792.slice[10].carry$CARRY.CIN
Info:                Defined in:
Info:                  nerv_balanced2.sv:263
Info:                  /usr/bin/../share/yosys/ice40/arith_map.v:43
Info:  0.1  4.7  Source $auto$alumacc.cc:474:replace_alu$792.slice[10].carry$CARRY.COUT
Info:  0.0  4.7    Net $auto$alumacc.cc:474:replace_alu$792.C[11] budget 0.000000 ns (5,4) -> (5,4)
Info:                Sink $auto$alumacc.cc:474:replace_alu$792.slice[11].carry$CARRY.CIN
Info:                Defined in:
Info:                  nerv_balanced2.sv:263
Info:                  /usr/bin/../share/yosys/ice40/arith_map.v:43
Info:  0.1  4.9  Source $auto$alumacc.cc:474:replace_alu$792.slice[11].carry$CARRY.COUT
Info:  0.0  4.9    Net $auto$alumacc.cc:474:replace_alu$792.C[12] budget 0.000000 ns (5,4) -> (5,4)
Info:                Sink $auto$alumacc.cc:474:replace_alu$792.slice[12].carry$CARRY.CIN
Info:                Defined in:
Info:                  nerv_balanced2.sv:263
Info:                  /usr/bin/../share/yosys/ice40/arith_map.v:43
Info:  0.1  5.0  Source $auto$alumacc.cc:474:replace_alu$792.slice[12].carry$CARRY.COUT
Info:  0.0  5.0    Net $auto$alumacc.cc:474:replace_alu$792.C[13] budget 0.000000 ns (5,4) -> (5,4)
Info:                Sink $auto$alumacc.cc:474:replace_alu$792.slice[13].carry$CARRY.CIN
Info:                Defined in:
Info:                  nerv_balanced2.sv:263
Info:                  /usr/bin/../share/yosys/ice40/arith_map.v:43
Info:  0.1  5.1  Source $auto$alumacc.cc:474:replace_alu$792.slice[13].carry$CARRY.COUT
Info:  0.0  5.1    Net $auto$alumacc.cc:474:replace_alu$792.C[14] budget 0.000000 ns (5,4) -> (5,4)
Info:                Sink $auto$alumacc.cc:474:replace_alu$792.slice[14].carry$CARRY.CIN
Info:                Defined in:
Info:                  nerv_balanced2.sv:263
Info:                  /usr/bin/../share/yosys/ice40/arith_map.v:43
Info:  0.1  5.2  Source $auto$alumacc.cc:474:replace_alu$792.slice[14].carry$CARRY.COUT
Info:  0.0  5.2    Net $auto$alumacc.cc:474:replace_alu$792.C[15] budget 0.000000 ns (5,4) -> (5,4)
Info:                Sink $auto$alumacc.cc:474:replace_alu$792.slice[15].carry$CARRY.CIN
Info:                Defined in:
Info:                  nerv_balanced2.sv:263
Info:                  /usr/bin/../share/yosys/ice40/arith_map.v:43
Info:  0.1  5.4  Source $auto$alumacc.cc:474:replace_alu$792.slice[15].carry$CARRY.COUT
Info:  0.2  5.6    Net $auto$alumacc.cc:474:replace_alu$792.C[16] budget 0.190000 ns (5,4) -> (5,5)
Info:                Sink $auto$alumacc.cc:474:replace_alu$792.slice[16].carry$CARRY.CIN
Info:                Defined in:
Info:                  nerv_balanced2.sv:263
Info:                  /usr/bin/../share/yosys/ice40/arith_map.v:43
Info:  0.1  5.7  Source $auto$alumacc.cc:474:replace_alu$792.slice[16].carry$CARRY.COUT
Info:  0.0  5.7    Net $auto$alumacc.cc:474:replace_alu$792.C[17] budget 0.000000 ns (5,5) -> (5,5)
Info:                Sink $auto$alumacc.cc:474:replace_alu$792.slice[17].carry$CARRY.CIN
Info:                Defined in:
Info:                  nerv_balanced2.sv:263
Info:                  /usr/bin/../share/yosys/ice40/arith_map.v:43
Info:  0.1  5.8  Source $auto$alumacc.cc:474:replace_alu$792.slice[17].carry$CARRY.COUT
Info:  0.0  5.8    Net $auto$alumacc.cc:474:replace_alu$792.C[18] budget 0.000000 ns (5,5) -> (5,5)
Info:                Sink $auto$alumacc.cc:474:replace_alu$792.slice[18].carry$CARRY.CIN
Info:                Defined in:
Info:                  nerv_balanced2.sv:263
Info:                  /usr/bin/../share/yosys/ice40/arith_map.v:43
Info:  0.1  5.9  Source $auto$alumacc.cc:474:replace_alu$792.slice[18].carry$CARRY.COUT
Info:  0.0  5.9    Net $auto$alumacc.cc:474:replace_alu$792.C[19] budget 0.000000 ns (5,5) -> (5,5)
Info:                Sink $auto$alumacc.cc:474:replace_alu$792.slice[19].carry$CARRY.CIN
Info:                Defined in:
Info:                  nerv_balanced2.sv:263
Info:                  /usr/bin/../share/yosys/ice40/arith_map.v:43
Info:  0.1  6.1  Source $auto$alumacc.cc:474:replace_alu$792.slice[19].carry$CARRY.COUT
Info:  0.0  6.1    Net $auto$alumacc.cc:474:replace_alu$792.C[20] budget 0.000000 ns (5,5) -> (5,5)
Info:                Sink $auto$alumacc.cc:474:replace_alu$792.slice[20].carry$CARRY.CIN
Info:                Defined in:
Info:                  nerv_balanced2.sv:263
Info:                  /usr/bin/../share/yosys/ice40/arith_map.v:43
Info:  0.1  6.2  Source $auto$alumacc.cc:474:replace_alu$792.slice[20].carry$CARRY.COUT
Info:  0.0  6.2    Net $auto$alumacc.cc:474:replace_alu$792.C[21] budget 0.000000 ns (5,5) -> (5,5)
Info:                Sink $auto$alumacc.cc:474:replace_alu$792.slice[21].carry$CARRY.CIN
Info:                Defined in:
Info:                  nerv_balanced2.sv:263
Info:                  /usr/bin/../share/yosys/ice40/arith_map.v:43
Info:  0.1  6.3  Source $auto$alumacc.cc:474:replace_alu$792.slice[21].carry$CARRY.COUT
Info:  0.0  6.3    Net $auto$alumacc.cc:474:replace_alu$792.C[22] budget 0.000000 ns (5,5) -> (5,5)
Info:                Sink $auto$alumacc.cc:474:replace_alu$792.slice[22].carry$CARRY.CIN
Info:                Defined in:
Info:                  nerv_balanced2.sv:263
Info:                  /usr/bin/../share/yosys/ice40/arith_map.v:43
Info:  0.1  6.4  Source $auto$alumacc.cc:474:replace_alu$792.slice[22].carry$CARRY.COUT
Info:  0.0  6.4    Net $auto$alumacc.cc:474:replace_alu$792.C[23] budget 0.000000 ns (5,5) -> (5,5)
Info:                Sink $auto$alumacc.cc:474:replace_alu$792.slice[23].carry$CARRY.CIN
Info:                Defined in:
Info:                  nerv_balanced2.sv:263
Info:                  /usr/bin/../share/yosys/ice40/arith_map.v:43
Info:  0.1  6.6  Source $auto$alumacc.cc:474:replace_alu$792.slice[23].carry$CARRY.COUT
Info:  0.2  6.8    Net $auto$alumacc.cc:474:replace_alu$792.C[24] budget 0.190000 ns (5,5) -> (5,6)
Info:                Sink $auto$alumacc.cc:474:replace_alu$792.slice[24].carry$CARRY.CIN
Info:                Defined in:
Info:                  nerv_balanced2.sv:263
Info:                  /usr/bin/../share/yosys/ice40/arith_map.v:43
Info:  0.1  6.9  Source $auto$alumacc.cc:474:replace_alu$792.slice[24].carry$CARRY.COUT
Info:  0.0  6.9    Net $auto$alumacc.cc:474:replace_alu$792.C[25] budget 0.000000 ns (5,6) -> (5,6)
Info:                Sink $auto$alumacc.cc:474:replace_alu$792.slice[25].carry$CARRY.CIN
Info:                Defined in:
Info:                  nerv_balanced2.sv:263
Info:                  /usr/bin/../share/yosys/ice40/arith_map.v:43
Info:  0.1  7.0  Source $auto$alumacc.cc:474:replace_alu$792.slice[25].carry$CARRY.COUT
Info:  0.0  7.0    Net $auto$alumacc.cc:474:replace_alu$792.C[26] budget 0.000000 ns (5,6) -> (5,6)
Info:                Sink $auto$alumacc.cc:474:replace_alu$792.slice[26].carry$CARRY.CIN
Info:                Defined in:
Info:                  nerv_balanced2.sv:263
Info:                  /usr/bin/../share/yosys/ice40/arith_map.v:43
Info:  0.1  7.1  Source $auto$alumacc.cc:474:replace_alu$792.slice[26].carry$CARRY.COUT
Info:  0.0  7.1    Net $auto$alumacc.cc:474:replace_alu$792.C[27] budget 0.000000 ns (5,6) -> (5,6)
Info:                Sink $auto$alumacc.cc:474:replace_alu$792.slice[27].carry$CARRY.CIN
Info:                Defined in:
Info:                  nerv_balanced2.sv:263
Info:                  /usr/bin/../share/yosys/ice40/arith_map.v:43
Info:  0.1  7.3  Source $auto$alumacc.cc:474:replace_alu$792.slice[27].carry$CARRY.COUT
Info:  0.0  7.3    Net $auto$alumacc.cc:474:replace_alu$792.C[28] budget 0.000000 ns (5,6) -> (5,6)
Info:                Sink $auto$alumacc.cc:474:replace_alu$792.slice[28].carry$CARRY.CIN
Info:                Defined in:
Info:                  nerv_balanced2.sv:263
Info:                  /usr/bin/../share/yosys/ice40/arith_map.v:43
Info:  0.1  7.4  Source $auto$alumacc.cc:474:replace_alu$792.slice[28].carry$CARRY.COUT
Info:  0.0  7.4    Net $auto$alumacc.cc:474:replace_alu$792.C[29] budget 0.000000 ns (5,6) -> (5,6)
Info:                Sink $auto$alumacc.cc:474:replace_alu$792.slice[29].carry$CARRY.CIN
Info:                Defined in:
Info:                  nerv_balanced2.sv:263
Info:                  /usr/bin/../share/yosys/ice40/arith_map.v:43
Info:  0.1  7.5  Source $auto$alumacc.cc:474:replace_alu$792.slice[29].carry$CARRY.COUT
Info:  0.0  7.5    Net $auto$alumacc.cc:474:replace_alu$792.C[30] budget 0.000000 ns (5,6) -> (5,6)
Info:                Sink $auto$alumacc.cc:474:replace_alu$792.slice[30].carry$CARRY.CIN
Info:                Defined in:
Info:                  nerv_balanced2.sv:263
Info:                  /usr/bin/../share/yosys/ice40/arith_map.v:43
Info:  0.1  7.6  Source $auto$alumacc.cc:474:replace_alu$792.slice[30].carry$CARRY.COUT
Info:  0.3  7.9    Net $nextpnr_ICESTORM_LC_3$I3 budget 0.260000 ns (5,6) -> (5,6)
Info:                Sink $nextpnr_ICESTORM_LC_3.I3
Info:  0.3  8.2  Source $nextpnr_ICESTORM_LC_3.O
Info:  1.1  9.3    Net $auto$alumacc.cc:474:replace_alu$792.C[31] budget 20.337000 ns (5,6) -> (5,12)
Info:                Sink $abc$10850$auto$blifparse.cc:492:parse_blif$10899_LC.I1
Info:                Defined in:
Info:                  nerv_balanced2.sv:263
Info:                  /usr/bin/../share/yosys/ice40/arith_map.v:43
Info:  0.4  9.7  Source $abc$10850$auto$blifparse.cc:492:parse_blif$10899_LC.O
Info:  0.9 10.6    Net $abc$10850$auto$rtlil.cc:1864:Xor$800_new_ budget 6.779000 ns (5,12) -> (6,12)
Info:                Sink $abc$10850$auto$blifparse.cc:492:parse_blif$11087_LC.I3
Info:  0.3 11.0  Source $abc$10850$auto$blifparse.cc:492:parse_blif$11087_LC.O
Info:  0.6 11.5    Net $abc$10850$new_n1144_ budget 6.778000 ns (6,12) -> (7,12)
Info:                Sink $abc$10850$auto$blifparse.cc:492:parse_blif$11086_LC.I2
Info:  0.4 11.9  Source $abc$10850$auto$blifparse.cc:492:parse_blif$11086_LC.O
Info:  0.6 12.5    Net $abc$10850$new_n1143_ budget 6.778000 ns (7,12) -> (7,12)
Info:                Sink $abc$10850$auto$blifparse.cc:492:parse_blif$11085_LC.I2
Info:  0.4 12.9  Source $abc$10850$auto$blifparse.cc:492:parse_blif$11085_LC.O
Info:  0.6 13.5    Net $abc$10850$new_n1142_ budget 6.778000 ns (7,12) -> (7,11)
Info:                Sink $abc$10850$auto$blifparse.cc:492:parse_blif$11084_LC.I2
Info:  0.4 13.9  Source $abc$10850$auto$blifparse.cc:492:parse_blif$11084_LC.O
Info:  1.7 15.5    Net $abc$10850$new_n1141_ budget 6.778000 ns (7,11) -> (9,7)
Info:                Sink $abc$10850$auto$blifparse.cc:492:parse_blif$12228_LC.I2
Info:  0.4 15.9  Source $abc$10850$auto$blifparse.cc:492:parse_blif$12228_LC.O
Info:  0.6 16.5    Net $abc$10850$new_n2628_ budget 6.778000 ns (9,7) -> (9,7)
Info:                Sink $abc$10850$auto$blifparse.cc:492:parse_blif$11044_LC.I3
Info:  0.3 16.8  Source $abc$10850$auto$blifparse.cc:492:parse_blif$11044_LC.O
Info:  0.6 17.4    Net $abc$10850$new_n1100_ budget 6.778000 ns (9,7) -> (9,8)
Info:                Sink $abc$10850$auto$blifparse.cc:492:parse_blif$12224_LC.I0
Info:  0.4 17.8  Source $abc$10850$auto$blifparse.cc:492:parse_blif$12224_LC.O
Info:  1.3 19.1    Net $0$memwr$\regfile$nerv_balanced2.sv:393$1_DATA[31:0]$78[0] budget 6.811000 ns (9,8) -> (8,9)
Info:                Sink regfile.0.0.0_RAM.WDATA_0
Info:                Defined in:
Info:                  nerv_balanced2.sv:382
Info:  0.1 19.2  Setup regfile.0.0.0_RAM.WDATA_0
Info: 8.3 ns logic, 10.9 ns routing

Info: Critical path report for cross-domain path '<async>' -> '<async>':
Info: curr total
Info:  0.0  0.0  Source reset$sb_io.D_IN_0
Info:  3.6  3.6    Net reset$SB_IO_IN budget 16.334999 ns (33,8) -> (2,22)
Info:                Sink $abc$10850$auto$blifparse.cc:492:parse_blif$10855_LC.I1
Info:                Defined in:
Info:                  nerv_balanced2.sv:25
Info:  0.4  4.0  Source $abc$10850$auto$blifparse.cc:492:parse_blif$10855_LC.O
Info:  1.5  5.5    Net $0\trapped[0:0] budget 20.527000 ns (2,22) -> (13,22)
Info:                Sink $abc$10850$auto$blifparse.cc:492:parse_blif$10962_LC.I2
Info:                Defined in:
Info:                  nerv_balanced2.sv:382
Info:  0.4  5.9  Source $abc$10850$auto$blifparse.cc:492:parse_blif$10962_LC.O
Info:  3.4  9.3    Net $abc$10850$mem_wr_enable_new_ budget 13.424000 ns (13,22) -> (2,4)
Info:                Sink $abc$10850$auto$blifparse.cc:492:parse_blif$10970_LC.I2
Info:                Defined in:
Info:                  nerv_balanced2.sv:40
Info:  0.4  9.6  Source $abc$10850$auto$blifparse.cc:492:parse_blif$10970_LC.O
Info:  2.2 11.9    Net dmem_addr[8]$SB_IO_OUT budget 13.424000 ns (2,4) -> (2,33)
Info:                Sink dmem_addr[8]$sb_io.D_OUT_0
Info:                Defined in:
Info:                  nerv_balanced2.sv:35
Info: 1.2 ns logic, 10.7 ns routing

Info: Critical path report for cross-domain path '<async>' -> 'posedge clock$SB_IO_IN_$glb_clk':
Info: curr total
Info:  0.0  0.0  Source dmem_rdata[31]$sb_io.D_IN_0
Info:  2.9  2.9    Net dmem_rdata[31]$SB_IO_IN budget 8.820000 ns (33,13) -> (13,19)
Info:                Sink $abc$10850$auto$blifparse.cc:492:parse_blif$11193_LC.I1
Info:                Defined in:
Info:                  nerv_balanced2.sv:38
Info:  0.4  3.3  Source $abc$10850$auto$blifparse.cc:492:parse_blif$11193_LC.O
Info:  0.6  3.8    Net $abc$10850$auto$share.cc:656:make_supercell$709[31]_new_inv_ budget 6.927000 ns (13,19) -> (13,18)
Info:                Sink $abc$10850$auto$blifparse.cc:492:parse_blif$11191_LC.I1
Info:  0.4  4.2  Source $abc$10850$auto$blifparse.cc:492:parse_blif$11191_LC.O
Info:  0.6  4.8    Net $abc$10850$techmap$auto$share.cc:666:make_supercell$714.$1\buffer[31:0][30]_new_inv_ budget 6.969000 ns (13,18) -> (13,18)
Info:                Sink $abc$10850$auto$blifparse.cc:492:parse_blif$11187_LC.I0
Info:                Defined in:
Info:                  /usr/bin/../share/yosys/techmap.v:102
Info:  0.4  5.3  Source $abc$10850$auto$blifparse.cc:492:parse_blif$11187_LC.O
Info:  1.0  6.2    Net $abc$10850$techmap$auto$share.cc:666:make_supercell$714.$4\buffer[31:0][28]_new_inv_ budget 6.969000 ns (13,18) -> (13,17)
Info:                Sink $abc$10850$auto$blifparse.cc:492:parse_blif$11429_LC.I0
Info:                Defined in:
Info:                  /usr/bin/../share/yosys/techmap.v:102
Info:  0.4  6.7  Source $abc$10850$auto$blifparse.cc:492:parse_blif$11429_LC.O
Info:  0.6  7.3    Net $abc$10850$techmap$auto$share.cc:666:make_supercell$714.$10\buffer[31:0][24]_new_ budget 7.106000 ns (13,17) -> (14,16)
Info:                Sink $abc$10850$auto$blifparse.cc:492:parse_blif$11426_LC.I2
Info:                Defined in:
Info:                  /usr/bin/../share/yosys/techmap.v:102
Info:  0.4  7.7  Source $abc$10850$auto$blifparse.cc:492:parse_blif$11426_LC.O
Info:  1.6  9.3    Net $abc$10850$auto$share.cc:662:make_supercell$703[8]_new_inv_ budget 7.106000 ns (14,16) -> (9,12)
Info:                Sink $abc$10850$auto$blifparse.cc:492:parse_blif$11425_LC.I1
Info:  0.4  9.7  Source $abc$10850$auto$blifparse.cc:492:parse_blif$11425_LC.O
Info:  1.3 11.0    Net $abc$10850$new_n1578_ budget 7.106000 ns (9,12) -> (9,9)
Info:                Sink $abc$10850$auto$blifparse.cc:492:parse_blif$11424_LC.I1
Info:  0.4 11.4  Source $abc$10850$auto$blifparse.cc:492:parse_blif$11424_LC.O
Info:  0.6 12.0    Net $abc$10850$new_n1577_ budget 7.106000 ns (9,9) -> (9,10)
Info:                Sink $abc$10850$auto$blifparse.cc:492:parse_blif$11423_LC.I3
Info:  0.3 12.3  Source $abc$10850$auto$blifparse.cc:492:parse_blif$11423_LC.O
Info:  1.3 13.7    Net $0$memwr$\regfile$nerv_balanced2.sv:393$1_DATA[31:0]$78[8] budget 7.139000 ns (9,10) -> (8,7)
Info:                Sink regfile.0.0.1_RAM.WDATA_8
Info:                Defined in:
Info:                  nerv_balanced2.sv:382
Info:  0.1 13.8  Setup regfile.0.0.1_RAM.WDATA_8
Info: 3.3 ns logic, 10.5 ns routing

Info: Critical path report for cross-domain path 'posedge clock$SB_IO_IN_$glb_clk' -> '<async>':
Info: curr total
Info:  0.5  0.5  Source $auto$simplemap.cc:420:simplemap_dff$4955_DFFLC.O
Info:  2.0  2.5    Net imm_b[1] budget 9.698000 ns (11,4) -> (3,3)
Info:                Sink $auto$alumacc.cc:474:replace_alu$789.slice[1].adder_LC.I2
Info:                Defined in:
Info:                  nerv_balanced2.sv:47
Info:  0.4  2.9  Source $auto$alumacc.cc:474:replace_alu$789.slice[1].adder_LC.O
Info:  2.9  5.7    Net $abc$10850$add$nerv_balanced2.sv:292$49_Y[1] budget 9.698000 ns (3,3) -> (13,20)
Info:                Sink $abc$10850$auto$blifparse.cc:492:parse_blif$10925_LC.I0
Info:                Defined in:
Info:                  nerv_balanced2.sv:292
Info:  0.4  6.2  Source $abc$10850$auto$blifparse.cc:492:parse_blif$10925_LC.O
Info:  0.6  6.8    Net $abc$10850$new_n973_ budget 9.698000 ns (13,20) -> (13,20)
Info:                Sink $abc$10850$auto$blifparse.cc:492:parse_blif$10924_LC.I1
Info:  0.4  7.2  Source $abc$10850$auto$blifparse.cc:492:parse_blif$10924_LC.O
Info:  1.0  8.1    Net $abc$10850$8\illinsn[0:0]_new_ budget 12.998000 ns (13,20) -> (13,22)
Info:                Sink $abc$10850$auto$blifparse.cc:492:parse_blif$10962_LC.I0
Info:                Defined in:
Info:                  nerv_balanced2.sv:200
Info:  0.4  8.6  Source $abc$10850$auto$blifparse.cc:492:parse_blif$10962_LC.O
Info:  3.4 12.0    Net $abc$10850$mem_wr_enable_new_ budget 13.424000 ns (13,22) -> (2,4)
Info:                Sink $abc$10850$auto$blifparse.cc:492:parse_blif$10970_LC.I2
Info:                Defined in:
Info:                  nerv_balanced2.sv:40
Info:  0.4 12.3  Source $abc$10850$auto$blifparse.cc:492:parse_blif$10970_LC.O
Info:  2.2 14.6    Net dmem_addr[8]$SB_IO_OUT budget 13.424000 ns (2,4) -> (2,33)
Info:                Sink dmem_addr[8]$sb_io.D_OUT_0
Info:                Defined in:
Info:                  nerv_balanced2.sv:35
Info: 2.6 ns logic, 12.0 ns routing

Info: Max frequency for clock 'clock$SB_IO_IN_$glb_clk': 52.05 MHz (PASS at 12.00 MHz)

Info: Max delay <async>                         -> <async>                        : 11.85 ns
Info: Max delay <async>                         -> posedge clock$SB_IO_IN_$glb_clk: 13.76 ns
Info: Max delay posedge clock$SB_IO_IN_$glb_clk -> <async>                        : 14.55 ns

Info: Slack histogram:
Info:  legend: * represents 2 endpoint(s)
Info:          + represents [1,2) endpoint(s)
Info: [ 64119,  65009) |*+
Info: [ 65009,  65899) |******+
Info: [ 65899,  66789) |******************+
Info: [ 66789,  67679) |***********************+
Info: [ 67679,  68569) |*******+
Info: [ 68569,  69459) |***************+
Info: [ 69459,  70349) |*****************************+
Info: [ 70349,  71239) |*************************************+
Info: [ 71239,  72129) |*******************************+
Info: [ 72129,  73019) |***********************+
Info: [ 73019,  73909) |************+
Info: [ 73909,  74799) |****************+
Info: [ 74799,  75689) |***********+
Info: [ 75689,  76579) |************************+
Info: [ 76579,  77469) |**********************+
Info: [ 77469,  78359) |************************************+
Info: [ 78359,  79249) |*******************+
Info: [ 79249,  80139) |***********************************************************+
Info: [ 80139,  81029) |***********************************+
Info: [ 81029,  81919) |************************************************************ 
169 warnings, 0 errors

Info: Program finished normally.
